<?xml version="1.0" encoding="UTF-8"?>
<testsuite xmlns:xsi="http://www.w3.org/2001/XMLSchema-instance" xsi:noNamespaceSchemaLocation="https://maven.apache.org/surefire/maven-surefire-plugin/xsd/surefire-test-report.xsd" version="3.0.2" name="com.hillcommerce.auth.AuthFlowIntegrationTest" time="7.37" tests="8" errors="0" skipped="0" failures="0" flakes="0">
  <properties>
[...]
</properties>
  <testcase name="sessionPrincipalDoesNotRetainPasswordHashAfterSuccessfulLogin" classname="com.hillcommerce.auth.AuthFlowIntegrationTest" time="1.004">
    <system-out><![CDATA[19:46:57.777 [main] INFO org.springframework.test.context.support.AnnotationConfigContextLoaderUtils -- Could not detect default configuration classes for test class [com.hillcommerce.auth.AuthFlowIntegrationTest]: AuthFlowIntegrationTest does not declare any static, non-private, non-final, nested classes annotated with @Configuration.
19:46:57.891 [main] INFO org.springframework.boot.test.context.SpringBootTestContextBootstrapper -- Found @SpringBootConfiguration com.hillcommerce.HillCommerceApplication for test class com.hillcommerce.auth.AuthFlowIntegrationTest
19:46:57.967 [main] INFO org.springframework.test.context.support.AnnotationConfigContextLoaderUtils -- Could not detect default configuration classes for test class [com.hillcommerce.auth.AuthFlowIntegrationTest]: AuthFlowIntegrationTest does not declare any static, non-private, non-final, nested classes annotated with @Configuration.
19:46:57.968 [main] INFO org.springframework.boot.test.context.SpringBootTestContextBootstrapper -- Found @SpringBootConfiguration com.hillcommerce.HillCommerceApplication for test class com.hillcommerce.auth.AuthFlowIntegrationTest

  .   ____          _            __ _ _
 /\\ / ___'_ __ _ _(_)_ __  __ _ \ \ \ \
( ( )\___ | '_ | '_| | '_ \/ _` | \ \ \ \
 \\/  ___)| |_)| | | | | || (_| |  ) ) ) )
  '  |____| .__|_| |_|_| |_\__, | / / / /
 =========|_|==============|___/=/_/_/_/

 :: Spring Boot ::                (v4.0.6)

2026-05-11T19:46:58.330+08:00  INFO 156776 --- [hill-commerce-backend] [           main] c.h.auth.AuthFlowIntegrationTest         : Starting AuthFlowIntegrationTest using Java 23.0.1 with PID 156776 (started by 22504 in D:\hill-commerce\backend)
2026-05-11T19:46:58.332+08:00 DEBUG 156776 --- [hill-commerce-backend] [           main] c.h.auth.AuthFlowIntegrationTest         : Running with Spring Boot v4.0.6, Spring v7.0.7
2026-05-11T19:46:58.333+08:00  INFO 156776 --- [hill-commerce-backend] [           main] c.h.auth.AuthFlowIntegrationTest         : The following 1 profile is active: "dev"
 _ _   |_  _ _|_. ___ _ |    _ 
| | |\/|_)(_| | |_\  |_)||_|_\ 
     /               |         
                        3.5.15 
2026-05-11T19:47:00.285+08:00  INFO 156776 --- [hill-commerce-backend] [           main] com.zaxxer.hikari.HikariDataSource       : HikariPool-1 - Starting...
2026-05-11T19:47:00.454+08:00  INFO 156776 --- [hill-commerce-backend] [           main] com.zaxxer.hikari.pool.HikariPool        : HikariPool-1 - Added connection com.mysql.cj.jdbc.ConnectionImpl@35cbeb54
2026-05-11T19:47:00.456+08:00  INFO 156776 --- [hill-commerce-backend] [           main] com.zaxxer.hikari.HikariDataSource       : HikariPool-1 - Start completed.
2026-05-11T19:47:00.494+08:00  INFO 156776 --- [hill-commerce-backend] [           main] org.flywaydb.core.FlywayExecutor         : Database: jdbc:mysql://localhost:3306/hill_commerce?useSSL=false&allowPublicKeyRetrieval=true&serverTimezone=UTC (MySQL 9.7)
2026-05-11T19:47:00.857+08:00  WARN 156776 --- [hill-commerce-backend] [           main] o.f.c.internal.database.base.Database    : Using MySQL 9.7 which is newer than the version Flyway has been verified with. The latest verified version of MySQL is 8.1.
2026-05-11T19:47:00.906+08:00  INFO 156776 --- [hill-commerce-backend] [           main] o.f.core.internal.command.DbValidate     : Successfully validated 4 migrations (execution time 00:00.036s)
2026-05-11T19:47:00.923+08:00  INFO 156776 --- [hill-commerce-backend] [           main] o.f.core.internal.command.DbMigrate      : Current version of schema `hill_commerce`: 4
2026-05-11T19:47:00.927+08:00  INFO 156776 --- [hill-commerce-backend] [           main] o.f.core.internal.command.DbMigrate      : Schema `hill_commerce` is up to date. No migration necessary.
2026-05-11T19:47:01.343+08:00  INFO 156776 --- [hill-commerce-backend] [           main] eAuthenticationProviderManagerConfigurer : Global AuthenticationManager configured with AuthenticationProvider bean with name appAuthenticationProvider
2026-05-11T19:47:01.344+08:00  WARN 156776 --- [hill-commerce-backend] [           main] r$InitializeUserDetailsManagerConfigurer : Global AuthenticationManager configured with an AuthenticationProvider bean. UserDetailsService beans will not be used by Spring Security for automatically configuring username/password login. Consider removing the AuthenticationProvider bean. Alternatively, consider using the UserDetailsService in a manually instantiated DaoAuthenticationProvider. If the current configuration is intentional, to turn off this warning, increase the logging level of 'org.springframework.security.config.annotation.authentication.configuration.InitializeUserDetailsBeanManagerConfigurer' to ERROR
2026-05-11T19:47:02.153+08:00  INFO 156776 --- [hill-commerce-backend] [           main] m.e.s.MybatisPlusApplicationContextAware : Register ApplicationContext instances org.springframework.web.context.support.GenericWebApplicationContext@4eb1c69
2026-05-11T19:47:02.740+08:00  INFO 156776 --- [hill-commerce-backend] [           main] o.s.b.a.e.web.EndpointLinksResolver      : Exposing 2 endpoints beneath base path '/actuator'
2026-05-11T19:47:02.898+08:00  INFO 156776 --- [hill-commerce-backend] [           main] c.h.auth.AuthFlowIntegrationTest         : Started AuthFlowIntegrationTest in 4.865 seconds (process running for 5.942)
2026-05-11T19:47:03.546+08:00  INFO 156776 --- [hill-commerce-backend] [           main] o.s.b.t.m.w.SpringBootMockServletContext : Initializing Spring TestDispatcherServlet ''
2026-05-11T19:47:03.547+08:00  INFO 156776 --- [hill-commerce-backend] [           main] o.s.t.web.servlet.TestDispatcherServlet  : Initializing Servlet ''
2026-05-11T19:47:03.548+08:00  INFO 156776 --- [hill-commerce-backend] [           main] o.s.t.web.servlet.TestDispatcherServlet  : Completed initialization in 1 ms
2026-05-11T19:47:03.838+08:00 DEBUG 156776 --- [hill-commerce-backend] [           main] c.h.m.user.mapper.UserMapper.selectList  : ==>  Preparing: SELECT id,email,password_hash,nickname,status,last_login_at,created_at,updated_at FROM users WHERE (email = ?)
2026-05-11T19:47:03.854+08:00 DEBUG 156776 --- [hill-commerce-backend] [           main] c.h.m.user.mapper.UserMapper.selectList  : ==> Parameters: bcrypt-admin2@example.com(String)
2026-05-11T19:47:03.873+08:00 DEBUG 156776 --- [hill-commerce-backend] [           main] c.h.m.user.mapper.UserMapper.selectList  : <==      Total: 1
2026-05-11T19:47:03.875+08:00 DEBUG 156776 --- [hill-commerce-backend] [           main] c.h.m.u.m.U.findRoleCodesByUserId        : ==>  Preparing: select r.code from roles r join user_roles ur on ur.role_id = r.id where ur.user_id = ? order by r.id
2026-05-11T19:47:03.878+08:00 DEBUG 156776 --- [hill-commerce-backend] [           main] c.h.m.u.m.U.findRoleCodesByUserId        : ==> Parameters: 77(Long)
2026-05-11T19:47:03.880+08:00 DEBUG 156776 --- [hill-commerce-backend] [           main] c.h.m.u.m.U.findRoleCodesByUserId        : <==      Total: 1
2026-05-11T19:47:03.941+08:00 DEBUG 156776 --- [hill-commerce-backend] [           main] c.h.m.user.mapper.UserMapper.updateById  : ==>  Preparing: UPDATE users SET last_login_at=? WHERE id=?
2026-05-11T19:47:03.942+08:00 DEBUG 156776 --- [hill-commerce-backend] [           main] c.h.m.user.mapper.UserMapper.updateById  : ==> Parameters: 2026-05-11T19:47:03.938683900(LocalDateTime), 77(Long)
2026-05-11T19:47:03.951+08:00 DEBUG 156776 --- [hill-commerce-backend] [           main] c.h.m.user.mapper.UserMapper.updateById  : <==    Updates: 1
2026-05-11T19:47:03.952+08:00  INFO 156776 --- [hill-commerce-backend] [           main] c.h.modules.user.web.AuthController      : Login succeeded: email=bcrypt-admin2@example.com, userId=77, roles=[ADMIN], remoteAddr=127.0.0.1
]]></system-out>
    <system-err><![CDATA[Mockito is currently self-attaching to enable the inline-mock-maker. This will no longer work in future releases of the JDK. Please add Mockito as an agent to your build as described in Mockito's documentation: https://javadoc.io/doc/org.mockito/mockito-core/latest/org.mockito/org/mockito/Mockito.html#0.3
WARNING: A Java agent has been loaded dynamically (D:\Maven\Apache\MAVEN-local_repository\net\bytebuddy\byte-buddy-agent\1.17.8\byte-buddy-agent-1.17.8.jar)
WARNING: If a serviceability tool is in use, please run with -XX:+EnableDynamicAgentLoading to hide this warning
WARNING: If a serviceability tool is not in use, please run with -Djdk.instrument.traceUsage for more information
WARNING: Dynamic loading of agents will be disallowed by default in a future release
]]></system-err>
  </testcase>
  <testcase name="loginRejectsAdminWhenPasswordHashUsesLegacySha256" classname="com.hillcommerce.auth.AuthFlowIntegrationTest" time="0.069">
    <system-out><![CDATA[2026-05-11T19:47:04.024+08:00  INFO 156776 --- [hill-commerce-backend] [           main] o.s.b.t.m.w.SpringBootMockServletContext : Initializing Spring TestDispatcherServlet ''
2026-05-11T19:47:04.024+08:00  INFO 156776 --- [hill-commerce-backend] [           main] o.s.t.web.servlet.TestDispatcherServlet  : Initializing Servlet ''
2026-05-11T19:47:04.025+08:00  INFO 156776 --- [hill-commerce-backend] [           main] o.s.t.web.servlet.TestDispatcherServlet  : Completed initialization in 1 ms
2026-05-11T19:47:04.048+08:00 DEBUG 156776 --- [hill-commerce-backend] [           main] c.h.m.user.mapper.UserMapper.selectList  : ==>  Preparing: SELECT id,email,password_hash,nickname,status,last_login_at,created_at,updated_at FROM users WHERE (email = ?)
2026-05-11T19:47:04.049+08:00 DEBUG 156776 --- [hill-commerce-backend] [           main] c.h.m.user.mapper.UserMapper.selectList  : ==> Parameters: legacy-admin@example.com(String)
2026-05-11T19:47:04.050+08:00 DEBUG 156776 --- [hill-commerce-backend] [           main] c.h.m.user.mapper.UserMapper.selectList  : <==      Total: 1
2026-05-11T19:47:04.051+08:00 DEBUG 156776 --- [hill-commerce-backend] [           main] c.h.m.u.m.U.findRoleCodesByUserId        : ==>  Preparing: select r.code from roles r join user_roles ur on ur.role_id = r.id where ur.user_id = ? order by r.id
2026-05-11T19:47:04.051+08:00 DEBUG 156776 --- [hill-commerce-backend] [           main] c.h.m.u.m.U.findRoleCodesByUserId        : ==> Parameters: 78(Long)
2026-05-11T19:47:04.054+08:00 DEBUG 156776 --- [hill-commerce-backend] [           main] c.h.m.u.m.U.findRoleCodesByUserId        : <==      Total: 1
2026-05-11T19:47:04.055+08:00  WARN 156776 --- [hill-commerce-backend] [           main] c.h.modules.user.web.AuthController      : Login failed: email=legacy-admin@example.com, remoteAddr=127.0.0.1, reason=bad-credentials
]]></system-out>
  </testcase>
  <testcase name="registerCreatesCustomerAccountAndDefaultRole" classname="com.hillcommerce.auth.AuthFlowIntegrationTest" time="0.122">
    <system-out><![CDATA[2026-05-11T19:47:04.094+08:00  INFO 156776 --- [hill-commerce-backend] [           main] o.s.b.t.m.w.SpringBootMockServletContext : Initializing Spring TestDispatcherServlet ''
2026-05-11T19:47:04.094+08:00  INFO 156776 --- [hill-commerce-backend] [           main] o.s.t.web.servlet.TestDispatcherServlet  : Initializing Servlet ''
2026-05-11T19:47:04.095+08:00  INFO 156776 --- [hill-commerce-backend] [           main] o.s.t.web.servlet.TestDispatcherServlet  : Completed initialization in 0 ms
2026-05-11T19:47:04.176+08:00 DEBUG 156776 --- [hill-commerce-backend] [           main] c.h.m.user.mapper.UserMapper.insert      : ==>  Preparing: INSERT INTO users ( email, password_hash, nickname, status ) VALUES ( ?, ?, ?, ? )
2026-05-11T19:47:04.176+08:00 DEBUG 156776 --- [hill-commerce-backend] [           main] c.h.m.user.mapper.UserMapper.insert      : ==> Parameters: customer1@example.com(String), $2a$10$KHi/bELZlzfLV65rU/7ASO6sUCVrPGlZ04bE8bTR5gf93SJGf3wV2(String), customer-one(String), ACTIVE(String)
2026-05-11T19:47:04.180+08:00 DEBUG 156776 --- [hill-commerce-backend] [           main] c.h.m.user.mapper.UserMapper.insert      : <==    Updates: 1
2026-05-11T19:47:04.183+08:00 DEBUG 156776 --- [hill-commerce-backend] [           main] c.h.m.user.mapper.RoleMapper.selectList  : ==>  Preparing: SELECT id,code,name,created_at FROM roles WHERE (code = ?)
2026-05-11T19:47:04.183+08:00 DEBUG 156776 --- [hill-commerce-backend] [           main] c.h.m.user.mapper.RoleMapper.selectList  : ==> Parameters: CUSTOMER(String)
2026-05-11T19:47:04.185+08:00 DEBUG 156776 --- [hill-commerce-backend] [           main] c.h.m.user.mapper.RoleMapper.selectList  : <==      Total: 1
2026-05-11T19:47:04.186+08:00 DEBUG 156776 --- [hill-commerce-backend] [           main] c.h.m.user.mapper.UserRoleMapper.insert  : ==>  Preparing: INSERT INTO user_roles ( user_id, role_id ) VALUES ( ?, ? )
2026-05-11T19:47:04.187+08:00 DEBUG 156776 --- [hill-commerce-backend] [           main] c.h.m.user.mapper.UserRoleMapper.insert  : ==> Parameters: 79(Long), 1(Long)
2026-05-11T19:47:04.188+08:00 DEBUG 156776 --- [hill-commerce-backend] [           main] c.h.m.user.mapper.UserRoleMapper.insert  : <==    Updates: 1
2026-05-11T19:47:04.189+08:00 DEBUG 156776 --- [hill-commerce-backend] [           main] c.h.m.user.mapper.UserMapper.selectList  : ==>  Preparing: SELECT id,email,password_hash,nickname,status,last_login_at,created_at,updated_at FROM users WHERE (email = ?)
2026-05-11T19:47:04.190+08:00 DEBUG 156776 --- [hill-commerce-backend] [           main] c.h.m.user.mapper.UserMapper.selectList  : ==> Parameters: customer1@example.com(String)
2026-05-11T19:47:04.191+08:00 DEBUG 156776 --- [hill-commerce-backend] [           main] c.h.m.user.mapper.UserMapper.selectList  : <==      Total: 1
2026-05-11T19:47:04.191+08:00 DEBUG 156776 --- [hill-commerce-backend] [           main] c.h.m.u.m.U.findRoleCodesByUserId        : ==>  Preparing: select r.code from roles r join user_roles ur on ur.role_id = r.id where ur.user_id = ? order by r.id
2026-05-11T19:47:04.192+08:00 DEBUG 156776 --- [hill-commerce-backend] [           main] c.h.m.u.m.U.findRoleCodesByUserId        : ==> Parameters: 79(Long)
2026-05-11T19:47:04.194+08:00 DEBUG 156776 --- [hill-commerce-backend] [           main] c.h.m.u.m.U.findRoleCodesByUserId        : <==      Total: 1
]]></system-out>
  </testcase>
  <testcase name="salesCanAccessAdminEndpoint" classname="com.hillcommerce.auth.AuthFlowIntegrationTest" time="0.154">
    <system-out><![CDATA[2026-05-11T19:47:04.216+08:00  INFO 156776 --- [hill-commerce-backend] [           main] o.s.b.t.m.w.SpringBootMockServletContext : Initializing Spring TestDispatcherServlet ''
2026-05-11T19:47:04.217+08:00  INFO 156776 --- [hill-commerce-backend] [           main] o.s.t.web.servlet.TestDispatcherServlet  : Initializing Servlet ''
2026-05-11T19:47:04.217+08:00  INFO 156776 --- [hill-commerce-backend] [           main] o.s.t.web.servlet.TestDispatcherServlet  : Completed initialization in 0 ms
2026-05-11T19:47:04.294+08:00 DEBUG 156776 --- [hill-commerce-backend] [           main] c.h.m.user.mapper.UserMapper.selectList  : ==>  Preparing: SELECT id,email,password_hash,nickname,status,last_login_at,created_at,updated_at FROM users WHERE (email = ?)
2026-05-11T19:47:04.295+08:00 DEBUG 156776 --- [hill-commerce-backend] [           main] c.h.m.user.mapper.UserMapper.selectList  : ==> Parameters: sales1@example.com(String)
2026-05-11T19:47:04.296+08:00 DEBUG 156776 --- [hill-commerce-backend] [           main] c.h.m.user.mapper.UserMapper.selectList  : <==      Total: 1
2026-05-11T19:47:04.296+08:00 DEBUG 156776 --- [hill-commerce-backend] [           main] c.h.m.u.m.U.findRoleCodesByUserId        : ==>  Preparing: select r.code from roles r join user_roles ur on ur.role_id = r.id where ur.user_id = ? order by r.id
2026-05-11T19:47:04.297+08:00 DEBUG 156776 --- [hill-commerce-backend] [           main] c.h.m.u.m.U.findRoleCodesByUserId        : ==> Parameters: 80(Long)
2026-05-11T19:47:04.298+08:00 DEBUG 156776 --- [hill-commerce-backend] [           main] c.h.m.u.m.U.findRoleCodesByUserId        : <==      Total: 1
2026-05-11T19:47:04.355+08:00 DEBUG 156776 --- [hill-commerce-backend] [           main] c.h.m.user.mapper.UserMapper.updateById  : ==>  Preparing: UPDATE users SET last_login_at=? WHERE id=?
2026-05-11T19:47:04.355+08:00 DEBUG 156776 --- [hill-commerce-backend] [           main] c.h.m.user.mapper.UserMapper.updateById  : ==> Parameters: 2026-05-11T19:47:04.353546300(LocalDateTime), 80(Long)
2026-05-11T19:47:04.362+08:00 DEBUG 156776 --- [hill-commerce-backend] [           main] c.h.m.user.mapper.UserMapper.updateById  : <==    Updates: 1
2026-05-11T19:47:04.362+08:00  INFO 156776 --- [hill-commerce-backend] [           main] c.h.modules.user.web.AuthController      : Login succeeded: email=sales1@example.com, userId=80, roles=[SALES], remoteAddr=127.0.0.1
]]></system-out>
  </testcase>
  <testcase name="logoutInvalidatesSession" classname="com.hillcommerce.auth.AuthFlowIntegrationTest" time="0.183">
    <system-out><![CDATA[2026-05-11T19:47:04.372+08:00  INFO 156776 --- [hill-commerce-backend] [           main] o.s.b.t.m.w.SpringBootMockServletContext : Initializing Spring TestDispatcherServlet ''
2026-05-11T19:47:04.372+08:00  INFO 156776 --- [hill-commerce-backend] [           main] o.s.t.web.servlet.TestDispatcherServlet  : Initializing Servlet ''
2026-05-11T19:47:04.372+08:00  INFO 156776 --- [hill-commerce-backend] [           main] o.s.t.web.servlet.TestDispatcherServlet  : Completed initialization in 0 ms
2026-05-11T19:47:04.439+08:00 DEBUG 156776 --- [hill-commerce-backend] [           main] c.h.m.user.mapper.UserMapper.insert      : ==>  Preparing: INSERT INTO users ( email, password_hash, nickname, status ) VALUES ( ?, ?, ?, ? )
2026-05-11T19:47:04.440+08:00 DEBUG 156776 --- [hill-commerce-backend] [           main] c.h.m.user.mapper.UserMapper.insert      : ==> Parameters: customer3@example.com(String), $2a$10$8bdxGhabcwUTJOYELbfJje4AnkbGWDcNnUsGdKIQ9KlSrDk8I0D5G(String), demo-user(String), ACTIVE(String)
2026-05-11T19:47:04.443+08:00 DEBUG 156776 --- [hill-commerce-backend] [           main] c.h.m.user.mapper.UserMapper.insert      : <==    Updates: 1
2026-05-11T19:47:04.444+08:00 DEBUG 156776 --- [hill-commerce-backend] [           main] c.h.m.user.mapper.RoleMapper.selectList  : ==>  Preparing: SELECT id,code,name,created_at FROM roles WHERE (code = ?)
2026-05-11T19:47:04.444+08:00 DEBUG 156776 --- [hill-commerce-backend] [           main] c.h.m.user.mapper.RoleMapper.selectList  : ==> Parameters: CUSTOMER(String)
2026-05-11T19:47:04.446+08:00 DEBUG 156776 --- [hill-commerce-backend] [           main] c.h.m.user.mapper.RoleMapper.selectList  : <==      Total: 1
2026-05-11T19:47:04.446+08:00 DEBUG 156776 --- [hill-commerce-backend] [           main] c.h.m.user.mapper.UserRoleMapper.insert  : ==>  Preparing: INSERT INTO user_roles ( user_id, role_id ) VALUES ( ?, ? )
2026-05-11T19:47:04.447+08:00 DEBUG 156776 --- [hill-commerce-backend] [           main] c.h.m.user.mapper.UserRoleMapper.insert  : ==> Parameters: 81(Long), 1(Long)
2026-05-11T19:47:04.449+08:00 DEBUG 156776 --- [hill-commerce-backend] [           main] c.h.m.user.mapper.UserRoleMapper.insert  : <==    Updates: 1
2026-05-11T19:47:04.450+08:00 DEBUG 156776 --- [hill-commerce-backend] [           main] c.h.m.user.mapper.UserMapper.selectList  : ==>  Preparing: SELECT id,email,password_hash,nickname,status,last_login_at,created_at,updated_at FROM users WHERE (email = ?)
2026-05-11T19:47:04.450+08:00 DEBUG 156776 --- [hill-commerce-backend] [           main] c.h.m.user.mapper.UserMapper.selectList  : ==> Parameters: customer3@example.com(String)
2026-05-11T19:47:04.451+08:00 DEBUG 156776 --- [hill-commerce-backend] [           main] c.h.m.user.mapper.UserMapper.selectList  : <==      Total: 1
2026-05-11T19:47:04.452+08:00 DEBUG 156776 --- [hill-commerce-backend] [           main] c.h.m.u.m.U.findRoleCodesByUserId        : ==>  Preparing: select r.code from roles r join user_roles ur on ur.role_id = r.id where ur.user_id = ? order by r.id
2026-05-11T19:47:04.452+08:00 DEBUG 156776 --- [hill-commerce-backend] [           main] c.h.m.u.m.U.findRoleCodesByUserId        : ==> Parameters: 81(Long)
2026-05-11T19:47:04.453+08:00 DEBUG 156776 --- [hill-commerce-backend] [           main] c.h.m.u.m.U.findRoleCodesByUserId        : <==      Total: 1
2026-05-11T19:47:04.478+08:00 DEBUG 156776 --- [hill-commerce-backend] [           main] c.h.m.user.mapper.UserMapper.selectList  : ==>  Preparing: SELECT id,email,password_hash,nickname,status,last_login_at,created_at,updated_at FROM users WHERE (email = ?)
2026-05-11T19:47:04.479+08:00 DEBUG 156776 --- [hill-commerce-backend] [           main] c.h.m.user.mapper.UserMapper.selectList  : ==> Parameters: customer3@example.com(String)
2026-05-11T19:47:04.480+08:00 DEBUG 156776 --- [hill-commerce-backend] [           main] c.h.m.user.mapper.UserMapper.selectList  : <==      Total: 1
2026-05-11T19:47:04.481+08:00 DEBUG 156776 --- [hill-commerce-backend] [           main] c.h.m.u.m.U.findRoleCodesByUserId        : ==>  Preparing: select r.code from roles r join user_roles ur on ur.role_id = r.id where ur.user_id = ? order by r.id
2026-05-11T19:47:04.481+08:00 DEBUG 156776 --- [hill-commerce-backend] [           main] c.h.m.u.m.U.findRoleCodesByUserId        : ==> Parameters: 81(Long)
2026-05-11T19:47:04.482+08:00 DEBUG 156776 --- [hill-commerce-backend] [           main] c.h.m.u.m.U.findRoleCodesByUserId        : <==      Total: 1
2026-05-11T19:47:04.536+08:00 DEBUG 156776 --- [hill-commerce-backend] [           main] c.h.m.user.mapper.UserMapper.updateById  : ==>  Preparing: UPDATE users SET last_login_at=? WHERE id=?
2026-05-11T19:47:04.537+08:00 DEBUG 156776 --- [hill-commerce-backend] [           main] c.h.m.user.mapper.UserMapper.updateById  : ==> Parameters: 2026-05-11T19:47:04.536750200(LocalDateTime), 81(Long)
2026-05-11T19:47:04.544+08:00 DEBUG 156776 --- [hill-commerce-backend] [           main] c.h.m.user.mapper.UserMapper.updateById  : <==    Updates: 1
2026-05-11T19:47:04.544+08:00  INFO 156776 --- [hill-commerce-backend] [           main] c.h.modules.user.web.AuthController      : Login succeeded: email=customer3@example.com, userId=81, roles=[CUSTOMER], remoteAddr=127.0.0.1
]]></system-out>
  </testcase>
  <testcase name="loginWithBcryptAdminCreatesSessionAndReturnsCurrentUser" classname="com.hillcommerce.auth.AuthFlowIntegrationTest" time="0.152">
    <system-out><![CDATA[2026-05-11T19:47:04.555+08:00  INFO 156776 --- [hill-commerce-backend] [           main] o.s.b.t.m.w.SpringBootMockServletContext : Initializing Spring TestDispatcherServlet ''
2026-05-11T19:47:04.555+08:00  INFO 156776 --- [hill-commerce-backend] [           main] o.s.t.web.servlet.TestDispatcherServlet  : Initializing Servlet ''
2026-05-11T19:47:04.556+08:00  INFO 156776 --- [hill-commerce-backend] [           main] o.s.t.web.servlet.TestDispatcherServlet  : Completed initialization in 0 ms
2026-05-11T19:47:04.632+08:00 DEBUG 156776 --- [hill-commerce-backend] [           main] c.h.m.user.mapper.UserMapper.selectList  : ==>  Preparing: SELECT id,email,password_hash,nickname,status,last_login_at,created_at,updated_at FROM users WHERE (email = ?)
2026-05-11T19:47:04.632+08:00 DEBUG 156776 --- [hill-commerce-backend] [           main] c.h.m.user.mapper.UserMapper.selectList  : ==> Parameters: bcrypt-admin@example.com(String)
2026-05-11T19:47:04.634+08:00 DEBUG 156776 --- [hill-commerce-backend] [           main] c.h.m.user.mapper.UserMapper.selectList  : <==      Total: 1
2026-05-11T19:47:04.635+08:00 DEBUG 156776 --- [hill-commerce-backend] [           main] c.h.m.u.m.U.findRoleCodesByUserId        : ==>  Preparing: select r.code from roles r join user_roles ur on ur.role_id = r.id where ur.user_id = ? order by r.id
2026-05-11T19:47:04.635+08:00 DEBUG 156776 --- [hill-commerce-backend] [           main] c.h.m.u.m.U.findRoleCodesByUserId        : ==> Parameters: 82(Long)
2026-05-11T19:47:04.636+08:00 DEBUG 156776 --- [hill-commerce-backend] [           main] c.h.m.u.m.U.findRoleCodesByUserId        : <==      Total: 1
2026-05-11T19:47:04.692+08:00 DEBUG 156776 --- [hill-commerce-backend] [           main] c.h.m.user.mapper.UserMapper.updateById  : ==>  Preparing: UPDATE users SET last_login_at=? WHERE id=?
2026-05-11T19:47:04.693+08:00 DEBUG 156776 --- [hill-commerce-backend] [           main] c.h.m.user.mapper.UserMapper.updateById  : ==> Parameters: 2026-05-11T19:47:04.691035600(LocalDateTime), 82(Long)
2026-05-11T19:47:04.699+08:00 DEBUG 156776 --- [hill-commerce-backend] [           main] c.h.m.user.mapper.UserMapper.updateById  : <==    Updates: 1
2026-05-11T19:47:04.699+08:00  INFO 156776 --- [hill-commerce-backend] [           main] c.h.modules.user.web.AuthController      : Login succeeded: email=bcrypt-admin@example.com, userId=82, roles=[ADMIN], remoteAddr=127.0.0.1
]]></system-out>
  </testcase>
  <testcase name="customerCannotAccessAdminEndpoint" classname="com.hillcommerce.auth.AuthFlowIntegrationTest" time="0.158">
    <system-out><![CDATA[2026-05-11T19:47:04.708+08:00  INFO 156776 --- [hill-commerce-backend] [           main] o.s.b.t.m.w.SpringBootMockServletContext : Initializing Spring TestDispatcherServlet ''
2026-05-11T19:47:04.709+08:00  INFO 156776 --- [hill-commerce-backend] [           main] o.s.t.web.servlet.TestDispatcherServlet  : Initializing Servlet ''
2026-05-11T19:47:04.709+08:00  INFO 156776 --- [hill-commerce-backend] [           main] o.s.t.web.servlet.TestDispatcherServlet  : Completed initialization in 0 ms
2026-05-11T19:47:04.775+08:00 DEBUG 156776 --- [hill-commerce-backend] [           main] c.h.m.user.mapper.UserMapper.insert      : ==>  Preparing: INSERT INTO users ( email, password_hash, nickname, status ) VALUES ( ?, ?, ?, ? )
2026-05-11T19:47:04.775+08:00 DEBUG 156776 --- [hill-commerce-backend] [           main] c.h.m.user.mapper.UserMapper.insert      : ==> Parameters: customer2@example.com(String), $2a$10$RbGzdQYzzYR.SPfJzr90G.GrfTGDsphBx2/IAgVj2qsSiAyXd/Yii(String), demo-user(String), ACTIVE(String)
2026-05-11T19:47:04.778+08:00 DEBUG 156776 --- [hill-commerce-backend] [           main] c.h.m.user.mapper.UserMapper.insert      : <==    Updates: 1
2026-05-11T19:47:04.779+08:00 DEBUG 156776 --- [hill-commerce-backend] [           main] c.h.m.user.mapper.RoleMapper.selectList  : ==>  Preparing: SELECT id,code,name,created_at FROM roles WHERE (code = ?)
2026-05-11T19:47:04.779+08:00 DEBUG 156776 --- [hill-commerce-backend] [           main] c.h.m.user.mapper.RoleMapper.selectList  : ==> Parameters: CUSTOMER(String)
2026-05-11T19:47:04.781+08:00 DEBUG 156776 --- [hill-commerce-backend] [           main] c.h.m.user.mapper.RoleMapper.selectList  : <==      Total: 1
2026-05-11T19:47:04.781+08:00 DEBUG 156776 --- [hill-commerce-backend] [           main] c.h.m.user.mapper.UserRoleMapper.insert  : ==>  Preparing: INSERT INTO user_roles ( user_id, role_id ) VALUES ( ?, ? )
2026-05-11T19:47:04.782+08:00 DEBUG 156776 --- [hill-commerce-backend] [           main] c.h.m.user.mapper.UserRoleMapper.insert  : ==> Parameters: 83(Long), 1(Long)
2026-05-11T19:47:04.783+08:00 DEBUG 156776 --- [hill-commerce-backend] [           main] c.h.m.user.mapper.UserRoleMapper.insert  : <==    Updates: 1
2026-05-11T19:47:04.784+08:00 DEBUG 156776 --- [hill-commerce-backend] [           main] c.h.m.user.mapper.UserMapper.selectList  : ==>  Preparing: SELECT id,email,password_hash,nickname,status,last_login_at,created_at,updated_at FROM users WHERE (email = ?)
2026-05-11T19:47:04.785+08:00 DEBUG 156776 --- [hill-commerce-backend] [           main] c.h.m.user.mapper.UserMapper.selectList  : ==> Parameters: customer2@example.com(String)
2026-05-11T19:47:04.786+08:00 DEBUG 156776 --- [hill-commerce-backend] [           main] c.h.m.user.mapper.UserMapper.selectList  : <==      Total: 1
2026-05-11T19:47:04.786+08:00 DEBUG 156776 --- [hill-commerce-backend] [           main] c.h.m.u.m.U.findRoleCodesByUserId        : ==>  Preparing: select r.code from roles r join user_roles ur on ur.role_id = r.id where ur.user_id = ? order by r.id
2026-05-11T19:47:04.786+08:00 DEBUG 156776 --- [hill-commerce-backend] [           main] c.h.m.u.m.U.findRoleCodesByUserId        : ==> Parameters: 83(Long)
2026-05-11T19:47:04.788+08:00 DEBUG 156776 --- [hill-commerce-backend] [           main] c.h.m.u.m.U.findRoleCodesByUserId        : <==      Total: 1
2026-05-11T19:47:04.796+08:00 DEBUG 156776 --- [hill-commerce-backend] [           main] c.h.m.user.mapper.UserMapper.selectList  : ==>  Preparing: SELECT id,email,password_hash,nickname,status,last_login_at,created_at,updated_at FROM users WHERE (email = ?)
2026-05-11T19:47:04.796+08:00 DEBUG 156776 --- [hill-commerce-backend] [           main] c.h.m.user.mapper.UserMapper.selectList  : ==> Parameters: customer2@example.com(String)
2026-05-11T19:47:04.798+08:00 DEBUG 156776 --- [hill-commerce-backend] [           main] c.h.m.user.mapper.UserMapper.selectList  : <==      Total: 1
2026-05-11T19:47:04.798+08:00 DEBUG 156776 --- [hill-commerce-backend] [           main] c.h.m.u.m.U.findRoleCodesByUserId        : ==>  Preparing: select r.code from roles r join user_roles ur on ur.role_id = r.id where ur.user_id = ? order by r.id
2026-05-11T19:47:04.799+08:00 DEBUG 156776 --- [hill-commerce-backend] [           main] c.h.m.u.m.U.findRoleCodesByUserId        : ==> Parameters: 83(Long)
2026-05-11T19:47:04.800+08:00 DEBUG 156776 --- [hill-commerce-backend] [           main] c.h.m.u.m.U.findRoleCodesByUserId        : <==      Total: 1
2026-05-11T19:47:04.854+08:00 DEBUG 156776 --- [hill-commerce-backend] [           main] c.h.m.user.mapper.UserMapper.updateById  : ==>  Preparing: UPDATE users SET last_login_at=? WHERE id=?
2026-05-11T19:47:04.855+08:00 DEBUG 156776 --- [hill-commerce-backend] [           main] c.h.m.user.mapper.UserMapper.updateById  : ==> Parameters: 2026-05-11T19:47:04.854298800(LocalDateTime), 83(Long)
2026-05-11T19:47:04.860+08:00 DEBUG 156776 --- [hill-commerce-backend] [           main] c.h.m.user.mapper.UserMapper.updateById  : <==    Updates: 1
2026-05-11T19:47:04.861+08:00  INFO 156776 --- [hill-commerce-backend] [           main] c.h.modules.user.web.AuthController      : Login succeeded: email=customer2@example.com, userId=83, roles=[CUSTOMER], remoteAddr=127.0.0.1
]]></system-out>
  </testcase>
  <testcase name="loginFailsWithWrongPassword" classname="com.hillcommerce.auth.AuthFlowIntegrationTest" time="0.078">
    <system-out><![CDATA[2026-05-11T19:47:04.868+08:00  INFO 156776 --- [hill-commerce-backend] [           main] o.s.b.t.m.w.SpringBootMockServletContext : Initializing Spring TestDispatcherServlet ''
2026-05-11T19:47:04.868+08:00  INFO 156776 --- [hill-commerce-backend] [           main] o.s.t.web.servlet.TestDispatcherServlet  : Initializing Servlet ''
2026-05-11T19:47:04.869+08:00  INFO 156776 --- [hill-commerce-backend] [           main] o.s.t.web.servlet.TestDispatcherServlet  : Completed initialization in 1 ms
2026-05-11T19:47:04.883+08:00 DEBUG 156776 --- [hill-commerce-backend] [           main] c.h.m.user.mapper.UserMapper.selectList  : ==>  Preparing: SELECT id,email,password_hash,nickname,status,last_login_at,created_at,updated_at FROM users WHERE (email = ?)
2026-05-11T19:47:04.884+08:00 DEBUG 156776 --- [hill-commerce-backend] [           main] c.h.m.user.mapper.UserMapper.selectList  : ==> Parameters: admin@hill-commerce.local(String)
2026-05-11T19:47:04.885+08:00 DEBUG 156776 --- [hill-commerce-backend] [           main] c.h.m.user.mapper.UserMapper.selectList  : <==      Total: 1
2026-05-11T19:47:04.885+08:00 DEBUG 156776 --- [hill-commerce-backend] [           main] c.h.m.u.m.U.findRoleCodesByUserId        : ==>  Preparing: select r.code from roles r join user_roles ur on ur.role_id = r.id where ur.user_id = ? order by r.id
2026-05-11T19:47:04.885+08:00 DEBUG 156776 --- [hill-commerce-backend] [           main] c.h.m.u.m.U.findRoleCodesByUserId        : ==> Parameters: 1(Long)
2026-05-11T19:47:04.887+08:00 DEBUG 156776 --- [hill-commerce-backend] [           main] c.h.m.u.m.U.findRoleCodesByUserId        : <==      Total: 1
2026-05-11T19:47:04.940+08:00  WARN 156776 --- [hill-commerce-backend] [           main] c.h.modules.user.web.AuthController      : Login failed: email=admin@hill-commerce.local, remoteAddr=127.0.0.1, reason=bad-credentials
]]></system-out>
  </testcase>
</testsuite>