<?xml version="1.0" encoding="UTF-8"?>
<testsuite xmlns:xsi="http://www.w3.org/2001/XMLSchema-instance" xsi:noNamespaceSchemaLocation="https://maven.apache.org/surefire/maven-surefire-plugin/xsd/surefire-test-report.xsd" version="3.0.2" name="com.hillcommerce.auth.AuthFlowIntegrationTest" time="1.885" tests="8" errors="0" skipped="0" failures="0" flakes="0">
  <properties>
[...]
</properties>
  <testcase name="sessionPrincipalDoesNotRetainPasswordHashAfterSuccessfulLogin" classname="com.hillcommerce.auth.AuthFlowIntegrationTest" time="0.172">
    <system-out><![CDATA[2026-05-16T10:46:12.892+08:00  INFO 184940 --- [hill-commerce-backend] [           main] t.c.s.AnnotationConfigContextLoaderUtils : Could not detect default configuration classes for test class [com.hillcommerce.auth.AuthFlowIntegrationTest]: AuthFlowIntegrationTest does not declare any static, non-private, non-final, nested classes annotated with @Configuration.
2026-05-16T10:46:12.923+08:00  INFO 184940 --- [hill-commerce-backend] [           main] .b.t.c.SpringBootTestContextBootstrapper : Found @SpringBootConfiguration com.hillcommerce.HillCommerceApplication for test class com.hillcommerce.auth.AuthFlowIntegrationTest
2026-05-16T10:46:12.924+08:00  INFO 184940 --- [hill-commerce-backend] [           main] t.c.s.AnnotationConfigContextLoaderUtils : Could not detect default configuration classes for test class [com.hillcommerce.auth.AuthFlowIntegrationTest]: AuthFlowIntegrationTest does not declare any static, non-private, non-final, nested classes annotated with @Configuration.
2026-05-16T10:46:12.925+08:00  INFO 184940 --- [hill-commerce-backend] [           main] .b.t.c.SpringBootTestContextBootstrapper : Found @SpringBootConfiguration com.hillcommerce.HillCommerceApplication for test class com.hillcommerce.auth.AuthFlowIntegrationTest

  .   ____          _            __ _ _
 /\\ / ___'_ __ _ _(_)_ __  __ _ \ \ \ \
( ( )\___ | '_ | '_| | '_ \/ _` | \ \ \ \
 \\/  ___)| |_)| | | | | || (_| |  ) ) ) )
  '  |____| .__|_| |_|_| |_\__, | / / / /
 =========|_|==============|___/=/_/_/_/

 :: Spring Boot ::                (v4.0.6)

2026-05-16T10:46:12.952+08:00  INFO 184940 --- [hill-commerce-backend] [           main] c.h.auth.AuthFlowIntegrationTest         : Starting AuthFlowIntegrationTest using Java 23.0.1 with PID 184940 (started by 22504 in D:\hill-commerce\backend)
2026-05-16T10:46:12.952+08:00 DEBUG 184940 --- [hill-commerce-backend] [           main] c.h.auth.AuthFlowIntegrationTest         : Running with Spring Boot v4.0.6, Spring v7.0.7
2026-05-16T10:46:12.952+08:00  INFO 184940 --- [hill-commerce-backend] [           main] c.h.auth.AuthFlowIntegrationTest         : The following 1 profile is active: "dev"
2026-05-16T10:46:13.245+08:00  INFO 184940 --- [hill-commerce-backend] [           main] com.zaxxer.hikari.HikariDataSource       : HikariPool-2 - Starting...
2026-05-16T10:46:13.254+08:00  INFO 184940 --- [hill-commerce-backend] [           main] com.zaxxer.hikari.pool.HikariPool        : HikariPool-2 - Added connection com.mysql.cj.jdbc.ConnectionImpl@61a809ee
2026-05-16T10:46:13.254+08:00  INFO 184940 --- [hill-commerce-backend] [           main] com.zaxxer.hikari.HikariDataSource       : HikariPool-2 - Start completed.
2026-05-16T10:46:13.261+08:00  INFO 184940 --- [hill-commerce-backend] [           main] org.flywaydb.core.FlywayExecutor         : Database: jdbc:mysql://localhost:3306/hill_commerce?useSSL=false&allowPublicKeyRetrieval=true&serverTimezone=UTC (MySQL 9.7)
2026-05-16T10:46:13.269+08:00  WARN 184940 --- [hill-commerce-backend] [           main] o.f.c.internal.database.base.Database    : Using MySQL 9.7 which is newer than the version Flyway has been verified with. The latest verified version of MySQL is 8.1.
2026-05-16T10:46:13.281+08:00  INFO 184940 --- [hill-commerce-backend] [           main] o.f.core.internal.command.DbValidate     : Successfully validated 6 migrations (execution time 00:00.009s)
2026-05-16T10:46:13.292+08:00  INFO 184940 --- [hill-commerce-backend] [           main] o.f.core.internal.command.DbMigrate      : Current version of schema `hill_commerce`: 6
2026-05-16T10:46:13.293+08:00  INFO 184940 --- [hill-commerce-backend] [           main] o.f.core.internal.command.DbMigrate      : Schema `hill_commerce` is up to date. No migration necessary.
 _ _   |_  _ _|_. ___ _ |    _ 
| | |\/|_)(_| | |_\  |_)||_|_\ 
     /               |         
                        3.5.15 
2026-05-16T10:46:13.525+08:00  INFO 184940 --- [hill-commerce-backend] [           main] eAuthenticationProviderManagerConfigurer : Global AuthenticationManager configured with AuthenticationProvider bean with name appAuthenticationProvider
2026-05-16T10:46:13.525+08:00  WARN 184940 --- [hill-commerce-backend] [           main] r$InitializeUserDetailsManagerConfigurer : Global AuthenticationManager configured with an AuthenticationProvider bean. UserDetailsService beans will not be used by Spring Security for automatically configuring username/password login. Consider removing the AuthenticationProvider bean. Alternatively, consider using the UserDetailsService in a manually instantiated DaoAuthenticationProvider. If the current configuration is intentional, to turn off this warning, increase the logging level of 'org.springframework.security.config.annotation.authentication.configuration.InitializeUserDetailsBeanManagerConfigurer' to ERROR
2026-05-16T10:46:13.643+08:00  INFO 184940 --- [hill-commerce-backend] [           main] m.e.s.MybatisPlusApplicationContextAware : Register ApplicationContext instances org.springframework.web.context.support.GenericWebApplicationContext@4e8036bb
2026-05-16T10:46:13.711+08:00  INFO 184940 --- [hill-commerce-backend] [           main] o.s.b.a.e.web.EndpointLinksResolver      : Exposing 2 endpoints beneath base path '/actuator'
2026-05-16T10:46:13.728+08:00  INFO 184940 --- [hill-commerce-backend] [           main] c.h.auth.AuthFlowIntegrationTest         : Started AuthFlowIntegrationTest in 0.796 seconds (process running for 8.823)
2026-05-16T10:46:13.733+08:00  INFO 184940 --- [hill-commerce-backend] [           main] o.s.b.t.m.w.SpringBootMockServletContext : Initializing Spring TestDispatcherServlet ''
2026-05-16T10:46:13.734+08:00  INFO 184940 --- [hill-commerce-backend] [           main] o.s.t.web.servlet.TestDispatcherServlet  : Initializing Servlet ''
2026-05-16T10:46:13.735+08:00  INFO 184940 --- [hill-commerce-backend] [           main] o.s.t.web.servlet.TestDispatcherServlet  : Completed initialization in 1 ms
2026-05-16T10:46:13.890+08:00  INFO 184940 --- [hill-commerce-backend] [           main] c.h.modules.user.web.AuthController      : Login succeeded: email=bcrypt-admin2@example.com, userId=550, roles=[ADMIN], remoteAddr=127.0.0.1
2026-05-16T10:46:13.891+08:00 DEBUG 184940 --- [hill-commerce-backend] [           main] c.h.m.l.mapper.LoginLogMapper.insert     : ==>  Preparing: INSERT INTO login_logs ( user_id, email_snapshot, role_snapshot, login_result, ip_address ) VALUES ( ?, ?, ?, ?, ? )
2026-05-16T10:46:13.891+08:00 DEBUG 184940 --- [hill-commerce-backend] [           main] c.h.m.l.mapper.LoginLogMapper.insert     : ==> Parameters: 550(Long), bcrypt-admin2@example.com(String), ADMIN(String), SUCCESS(String), 127.0.0.1(String)
2026-05-16T10:46:13.896+08:00 DEBUG 184940 --- [hill-commerce-backend] [           main] c.h.m.l.mapper.LoginLogMapper.insert     : <==    Updates: 1
]]></system-out>
  </testcase>
  <testcase name="loginRejectsAdminWhenPasswordHashUsesLegacySha256" classname="com.hillcommerce.auth.AuthFlowIntegrationTest" time="0.038">
    <system-out><![CDATA[2026-05-16T10:46:13.906+08:00  INFO 184940 --- [hill-commerce-backend] [           main] o.s.b.t.m.w.SpringBootMockServletContext : Initializing Spring TestDispatcherServlet ''
2026-05-16T10:46:13.906+08:00  INFO 184940 --- [hill-commerce-backend] [           main] o.s.t.web.servlet.TestDispatcherServlet  : Initializing Servlet ''
2026-05-16T10:46:13.906+08:00  INFO 184940 --- [hill-commerce-backend] [           main] o.s.t.web.servlet.TestDispatcherServlet  : Completed initialization in 0 ms
2026-05-16T10:46:13.934+08:00 DEBUG 184940 --- [hill-commerce-backend] [           main] c.h.m.l.mapper.LoginLogMapper.insert     : ==>  Preparing: INSERT INTO login_logs ( email_snapshot, role_snapshot, login_result, ip_address ) VALUES ( ?, ?, ?, ? )
2026-05-16T10:46:13.935+08:00 DEBUG 184940 --- [hill-commerce-backend] [           main] c.h.m.l.mapper.LoginLogMapper.insert     : ==> Parameters: legacy-admin@example.com(String), UNKNOWN(String), FAILURE(String), 127.0.0.1(String)
2026-05-16T10:46:13.939+08:00 DEBUG 184940 --- [hill-commerce-backend] [           main] c.h.m.l.mapper.LoginLogMapper.insert     : <==    Updates: 1
2026-05-16T10:46:13.940+08:00  WARN 184940 --- [hill-commerce-backend] [           main] c.h.modules.user.web.AuthController      : Login failed: email=legacy-admin@example.com, remoteAddr=127.0.0.1, reason=bad-credentials
]]></system-out>
  </testcase>
  <testcase name="registerCreatesCustomerAccountAndDefaultRole" classname="com.hillcommerce.auth.AuthFlowIntegrationTest" time="0.099">
    <system-out><![CDATA[2026-05-16T10:46:13.944+08:00  INFO 184940 --- [hill-commerce-backend] [           main] o.s.b.t.m.w.SpringBootMockServletContext : Initializing Spring TestDispatcherServlet ''
2026-05-16T10:46:13.944+08:00  INFO 184940 --- [hill-commerce-backend] [           main] o.s.t.web.servlet.TestDispatcherServlet  : Initializing Servlet ''
2026-05-16T10:46:13.945+08:00  INFO 184940 --- [hill-commerce-backend] [           main] o.s.t.web.servlet.TestDispatcherServlet  : Completed initialization in 0 ms
]]></system-out>
  </testcase>
  <testcase name="salesCanAccessAdminEndpoint" classname="com.hillcommerce.auth.AuthFlowIntegrationTest" time="0.151">
    <system-out><![CDATA[2026-05-16T10:46:14.045+08:00  INFO 184940 --- [hill-commerce-backend] [           main] o.s.b.t.m.w.SpringBootMockServletContext : Initializing Spring TestDispatcherServlet ''
2026-05-16T10:46:14.045+08:00  INFO 184940 --- [hill-commerce-backend] [           main] o.s.t.web.servlet.TestDispatcherServlet  : Initializing Servlet ''
2026-05-16T10:46:14.045+08:00  INFO 184940 --- [hill-commerce-backend] [           main] o.s.t.web.servlet.TestDispatcherServlet  : Completed initialization in 0 ms
2026-05-16T10:46:14.185+08:00  INFO 184940 --- [hill-commerce-backend] [           main] c.h.modules.user.web.AuthController      : Login succeeded: email=sales1@example.com, userId=553, roles=[SALES], remoteAddr=127.0.0.1
2026-05-16T10:46:14.186+08:00 DEBUG 184940 --- [hill-commerce-backend] [           main] c.h.m.l.mapper.LoginLogMapper.insert     : ==>  Preparing: INSERT INTO login_logs ( user_id, email_snapshot, role_snapshot, login_result, ip_address ) VALUES ( ?, ?, ?, ?, ? )
2026-05-16T10:46:14.186+08:00 DEBUG 184940 --- [hill-commerce-backend] [           main] c.h.m.l.mapper.LoginLogMapper.insert     : ==> Parameters: 553(Long), sales1@example.com(String), SALES(String), SUCCESS(String), 127.0.0.1(String)
2026-05-16T10:46:14.190+08:00 DEBUG 184940 --- [hill-commerce-backend] [           main] c.h.m.l.mapper.LoginLogMapper.insert     : <==    Updates: 1
]]></system-out>
  </testcase>
  <testcase name="logoutInvalidatesSession" classname="com.hillcommerce.auth.AuthFlowIntegrationTest" time="0.17">
    <system-out><![CDATA[2026-05-16T10:46:14.195+08:00  INFO 184940 --- [hill-commerce-backend] [           main] o.s.b.t.m.w.SpringBootMockServletContext : Initializing Spring TestDispatcherServlet ''
2026-05-16T10:46:14.196+08:00  INFO 184940 --- [hill-commerce-backend] [           main] o.s.t.web.servlet.TestDispatcherServlet  : Initializing Servlet ''
2026-05-16T10:46:14.196+08:00  INFO 184940 --- [hill-commerce-backend] [           main] o.s.t.web.servlet.TestDispatcherServlet  : Completed initialization in 0 ms
2026-05-16T10:46:14.354+08:00  INFO 184940 --- [hill-commerce-backend] [           main] c.h.modules.user.web.AuthController      : Login succeeded: email=customer3@example.com, userId=554, roles=[CUSTOMER], remoteAddr=127.0.0.1
2026-05-16T10:46:14.354+08:00 DEBUG 184940 --- [hill-commerce-backend] [           main] c.h.m.l.mapper.LoginLogMapper.insert     : ==>  Preparing: INSERT INTO login_logs ( user_id, email_snapshot, role_snapshot, login_result, ip_address ) VALUES ( ?, ?, ?, ?, ? )
2026-05-16T10:46:14.355+08:00 DEBUG 184940 --- [hill-commerce-backend] [           main] c.h.m.l.mapper.LoginLogMapper.insert     : ==> Parameters: 554(Long), customer3@example.com(String), CUSTOMER(String), SUCCESS(String), 127.0.0.1(String)
2026-05-16T10:46:14.358+08:00 DEBUG 184940 --- [hill-commerce-backend] [           main] c.h.m.l.mapper.LoginLogMapper.insert     : <==    Updates: 1
]]></system-out>
  </testcase>
  <testcase name="loginWithBcryptAdminCreatesSessionAndReturnsCurrentUser" classname="com.hillcommerce.auth.AuthFlowIntegrationTest" time="0.159">
    <system-out><![CDATA[2026-05-16T10:46:14.367+08:00  INFO 184940 --- [hill-commerce-backend] [           main] o.s.b.t.m.w.SpringBootMockServletContext : Initializing Spring TestDispatcherServlet ''
2026-05-16T10:46:14.367+08:00  INFO 184940 --- [hill-commerce-backend] [           main] o.s.t.web.servlet.TestDispatcherServlet  : Initializing Servlet ''
2026-05-16T10:46:14.369+08:00  INFO 184940 --- [hill-commerce-backend] [           main] o.s.t.web.servlet.TestDispatcherServlet  : Completed initialization in 2 ms
2026-05-16T10:46:14.514+08:00  INFO 184940 --- [hill-commerce-backend] [           main] c.h.modules.user.web.AuthController      : Login succeeded: email=bcrypt-admin@example.com, userId=555, roles=[ADMIN], remoteAddr=127.0.0.1
2026-05-16T10:46:14.515+08:00 DEBUG 184940 --- [hill-commerce-backend] [           main] c.h.m.l.mapper.LoginLogMapper.insert     : ==>  Preparing: INSERT INTO login_logs ( user_id, email_snapshot, role_snapshot, login_result, ip_address ) VALUES ( ?, ?, ?, ?, ? )
2026-05-16T10:46:14.515+08:00 DEBUG 184940 --- [hill-commerce-backend] [           main] c.h.m.l.mapper.LoginLogMapper.insert     : ==> Parameters: 555(Long), bcrypt-admin@example.com(String), ADMIN(String), SUCCESS(String), 127.0.0.1(String)
2026-05-16T10:46:14.520+08:00 DEBUG 184940 --- [hill-commerce-backend] [           main] c.h.m.l.mapper.LoginLogMapper.insert     : <==    Updates: 1
]]></system-out>
  </testcase>
  <testcase name="customerCannotAccessAdminEndpoint" classname="com.hillcommerce.auth.AuthFlowIntegrationTest" time="0.159">
    <system-out><![CDATA[2026-05-16T10:46:14.527+08:00  INFO 184940 --- [hill-commerce-backend] [           main] o.s.b.t.m.w.SpringBootMockServletContext : Initializing Spring TestDispatcherServlet ''
2026-05-16T10:46:14.527+08:00  INFO 184940 --- [hill-commerce-backend] [           main] o.s.t.web.servlet.TestDispatcherServlet  : Initializing Servlet ''
2026-05-16T10:46:14.527+08:00  INFO 184940 --- [hill-commerce-backend] [           main] o.s.t.web.servlet.TestDispatcherServlet  : Completed initialization in 0 ms
2026-05-16T10:46:14.677+08:00  INFO 184940 --- [hill-commerce-backend] [           main] c.h.modules.user.web.AuthController      : Login succeeded: email=customer2@example.com, userId=556, roles=[CUSTOMER], remoteAddr=127.0.0.1
2026-05-16T10:46:14.678+08:00 DEBUG 184940 --- [hill-commerce-backend] [           main] c.h.m.l.mapper.LoginLogMapper.insert     : ==>  Preparing: INSERT INTO login_logs ( user_id, email_snapshot, role_snapshot, login_result, ip_address ) VALUES ( ?, ?, ?, ?, ? )
2026-05-16T10:46:14.678+08:00 DEBUG 184940 --- [hill-commerce-backend] [           main] c.h.m.l.mapper.LoginLogMapper.insert     : ==> Parameters: 556(Long), customer2@example.com(String), CUSTOMER(String), SUCCESS(String), 127.0.0.1(String)
2026-05-16T10:46:14.682+08:00 DEBUG 184940 --- [hill-commerce-backend] [           main] c.h.m.l.mapper.LoginLogMapper.insert     : <==    Updates: 1
]]></system-out>
  </testcase>
  <testcase name="loginFailsWithWrongPassword" classname="com.hillcommerce.auth.AuthFlowIntegrationTest" time="0.089">
    <system-out><![CDATA[2026-05-16T10:46:14.688+08:00  INFO 184940 --- [hill-commerce-backend] [           main] o.s.b.t.m.w.SpringBootMockServletContext : Initializing Spring TestDispatcherServlet ''
2026-05-16T10:46:14.688+08:00  INFO 184940 --- [hill-commerce-backend] [           main] o.s.t.web.servlet.TestDispatcherServlet  : Initializing Servlet ''
2026-05-16T10:46:14.688+08:00  INFO 184940 --- [hill-commerce-backend] [           main] o.s.t.web.servlet.TestDispatcherServlet  : Completed initialization in 0 ms
2026-05-16T10:46:14.767+08:00 DEBUG 184940 --- [hill-commerce-backend] [           main] c.h.m.l.mapper.LoginLogMapper.insert     : ==>  Preparing: INSERT INTO login_logs ( email_snapshot, role_snapshot, login_result, ip_address ) VALUES ( ?, ?, ?, ? )
2026-05-16T10:46:14.767+08:00 DEBUG 184940 --- [hill-commerce-backend] [           main] c.h.m.l.mapper.LoginLogMapper.insert     : ==> Parameters: admin@hill-commerce.local(String), UNKNOWN(String), FAILURE(String), 127.0.0.1(String)
2026-05-16T10:46:14.771+08:00 DEBUG 184940 --- [hill-commerce-backend] [           main] c.h.m.l.mapper.LoginLogMapper.insert     : <==    Updates: 1
2026-05-16T10:46:14.772+08:00  WARN 184940 --- [hill-commerce-backend] [           main] c.h.modules.user.web.AuthController      : Login failed: email=admin@hill-commerce.local, remoteAddr=127.0.0.1, reason=bad-credentials
]]></system-out>
  </testcase>
</testsuite>