<?xml version="1.0" encoding="UTF-8"?>
<testsuite xmlns:xsi="http://www.w3.org/2001/XMLSchema-instance" xsi:noNamespaceSchemaLocation="https://maven.apache.org/surefire/maven-surefire-plugin/xsd/surefire-test-report.xsd" version="3.0.2" name="com.hillcommerce.product.ProductAdminIntegrationTest" time="11.808" tests="1" errors="0" skipped="0" failures="0" flakes="0">
  <properties>
[...]
</properties>
  <testcase name="salesCanCreateProductWhenSkuUsesEnabledStatus" classname="com.hillcommerce.product.ProductAdminIntegrationTest" time="2.543">
    <system-out><![CDATA[21:09:11.922 [main] INFO org.springframework.test.context.support.AnnotationConfigContextLoaderUtils -- Could not detect default configuration classes for test class [com.hillcommerce.product.ProductAdminIntegrationTest]: ProductAdminIntegrationTest does not declare any static, non-private, non-final, nested classes annotated with @Configuration.
21:09:12.154 [main] INFO org.springframework.boot.test.context.SpringBootTestContextBootstrapper -- Found @SpringBootConfiguration com.hillcommerce.HillCommerceApplication for test class com.hillcommerce.product.ProductAdminIntegrationTest
21:09:12.289 [main] INFO org.springframework.test.context.support.AnnotationConfigContextLoaderUtils -- Could not detect default configuration classes for test class [com.hillcommerce.product.ProductAdminIntegrationTest]: ProductAdminIntegrationTest does not declare any static, non-private, non-final, nested classes annotated with @Configuration.
21:09:12.292 [main] INFO org.springframework.boot.test.context.SpringBootTestContextBootstrapper -- Found @SpringBootConfiguration com.hillcommerce.HillCommerceApplication for test class com.hillcommerce.product.ProductAdminIntegrationTest

  .   ____          _            __ _ _
 /\\ / ___'_ __ _ _(_)_ __  __ _ \ \ \ \
( ( )\___ | '_ | '_| | '_ \/ _` | \ \ \ \
 \\/  ___)| |_)| | | | | || (_| |  ) ) ) )
  '  |____| .__|_| |_|_| |_\__, | / / / /
 =========|_|==============|___/=/_/_/_/

 :: Spring Boot ::                (v4.0.6)

2026-05-11T21:09:12.936+08:00  INFO 181968 --- [hill-commerce-backend] [           main] c.h.product.ProductAdminIntegrationTest  : Starting ProductAdminIntegrationTest using Java 23.0.1 with PID 181968 (started by 22504 in D:\hill-commerce\backend)
2026-05-11T21:09:12.939+08:00 DEBUG 181968 --- [hill-commerce-backend] [           main] c.h.product.ProductAdminIntegrationTest  : Running with Spring Boot v4.0.6, Spring v7.0.7
2026-05-11T21:09:12.940+08:00  INFO 181968 --- [hill-commerce-backend] [           main] c.h.product.ProductAdminIntegrationTest  : The following 1 profile is active: "dev"
 _ _   |_  _ _|_. ___ _ |    _ 
| | |\/|_)(_| | |_\  |_)||_|_\ 
     /               |         
                        3.5.15 
2026-05-11T21:09:16.344+08:00  INFO 181968 --- [hill-commerce-backend] [           main] com.zaxxer.hikari.HikariDataSource       : HikariPool-1 - Starting...
2026-05-11T21:09:16.687+08:00  INFO 181968 --- [hill-commerce-backend] [           main] com.zaxxer.hikari.pool.HikariPool        : HikariPool-1 - Added connection com.mysql.cj.jdbc.ConnectionImpl@1d7f7962
2026-05-11T21:09:16.690+08:00  INFO 181968 --- [hill-commerce-backend] [           main] com.zaxxer.hikari.HikariDataSource       : HikariPool-1 - Start completed.
2026-05-11T21:09:16.767+08:00  INFO 181968 --- [hill-commerce-backend] [           main] org.flywaydb.core.FlywayExecutor         : Database: jdbc:mysql://localhost:3306/hill_commerce?useSSL=false&allowPublicKeyRetrieval=true&serverTimezone=UTC (MySQL 9.7)
2026-05-11T21:09:17.525+08:00  WARN 181968 --- [hill-commerce-backend] [           main] o.f.c.internal.database.base.Database    : Using MySQL 9.7 which is newer than the version Flyway has been verified with. The latest verified version of MySQL is 8.1.
2026-05-11T21:09:17.615+08:00  INFO 181968 --- [hill-commerce-backend] [           main] o.f.core.internal.command.DbValidate     : Successfully validated 4 migrations (execution time 00:00.065s)
2026-05-11T21:09:17.646+08:00  INFO 181968 --- [hill-commerce-backend] [           main] o.f.core.internal.command.DbMigrate      : Current version of schema `hill_commerce`: 4
2026-05-11T21:09:17.654+08:00  INFO 181968 --- [hill-commerce-backend] [           main] o.f.core.internal.command.DbMigrate      : Schema `hill_commerce` is up to date. No migration necessary.
2026-05-11T21:09:18.367+08:00  INFO 181968 --- [hill-commerce-backend] [           main] eAuthenticationProviderManagerConfigurer : Global AuthenticationManager configured with AuthenticationProvider bean with name appAuthenticationProvider
2026-05-11T21:09:18.367+08:00  WARN 181968 --- [hill-commerce-backend] [           main] r$InitializeUserDetailsManagerConfigurer : Global AuthenticationManager configured with an AuthenticationProvider bean. UserDetailsService beans will not be used by Spring Security for automatically configuring username/password login. Consider removing the AuthenticationProvider bean. Alternatively, consider using the UserDetailsService in a manually instantiated DaoAuthenticationProvider. If the current configuration is intentional, to turn off this warning, increase the logging level of 'org.springframework.security.config.annotation.authentication.configuration.InitializeUserDetailsBeanManagerConfigurer' to ERROR
2026-05-11T21:09:19.586+08:00  INFO 181968 --- [hill-commerce-backend] [           main] m.e.s.MybatisPlusApplicationContextAware : Register ApplicationContext instances org.springframework.web.context.support.GenericWebApplicationContext@78226c36
2026-05-11T21:09:20.440+08:00  INFO 181968 --- [hill-commerce-backend] [           main] o.s.b.a.e.web.EndpointLinksResolver      : Exposing 2 endpoints beneath base path '/actuator'
2026-05-11T21:09:20.629+08:00  INFO 181968 --- [hill-commerce-backend] [           main] c.h.product.ProductAdminIntegrationTest  : Started ProductAdminIntegrationTest in 8.226 seconds (process running for 10.2)
2026-05-11T21:09:21.979+08:00  INFO 181968 --- [hill-commerce-backend] [           main] o.s.b.t.m.w.SpringBootMockServletContext : Initializing Spring TestDispatcherServlet ''
2026-05-11T21:09:21.980+08:00  INFO 181968 --- [hill-commerce-backend] [           main] o.s.t.web.servlet.TestDispatcherServlet  : Initializing Servlet ''
2026-05-11T21:09:21.983+08:00  INFO 181968 --- [hill-commerce-backend] [           main] o.s.t.web.servlet.TestDispatcherServlet  : Completed initialization in 2 ms
2026-05-11T21:09:22.651+08:00 DEBUG 181968 --- [hill-commerce-backend] [           main] c.h.m.user.mapper.UserMapper.selectList  : ==>  Preparing: SELECT id,email,password_hash,nickname,status,last_login_at,created_at,updated_at FROM users WHERE (email = ?)
2026-05-11T21:09:22.687+08:00 DEBUG 181968 --- [hill-commerce-backend] [           main] c.h.m.user.mapper.UserMapper.selectList  : ==> Parameters: task4-sku-status-sales@example.com(String)
2026-05-11T21:09:22.731+08:00 DEBUG 181968 --- [hill-commerce-backend] [           main] c.h.m.user.mapper.UserMapper.selectList  : <==      Total: 1
2026-05-11T21:09:22.734+08:00 DEBUG 181968 --- [hill-commerce-backend] [           main] c.h.m.u.m.U.findRoleCodesByUserId        : ==>  Preparing: select r.code from roles r join user_roles ur on ur.role_id = r.id where ur.user_id = ? order by r.id
2026-05-11T21:09:22.737+08:00 DEBUG 181968 --- [hill-commerce-backend] [           main] c.h.m.u.m.U.findRoleCodesByUserId        : ==> Parameters: 85(Long)
2026-05-11T21:09:22.742+08:00 DEBUG 181968 --- [hill-commerce-backend] [           main] c.h.m.u.m.U.findRoleCodesByUserId        : <==      Total: 1
2026-05-11T21:09:22.866+08:00 DEBUG 181968 --- [hill-commerce-backend] [           main] c.h.m.user.mapper.UserMapper.updateById  : ==>  Preparing: UPDATE users SET last_login_at=? WHERE id=?
2026-05-11T21:09:22.868+08:00 DEBUG 181968 --- [hill-commerce-backend] [           main] c.h.m.user.mapper.UserMapper.updateById  : ==> Parameters: 2026-05-11T21:09:22.860435500(LocalDateTime), 85(Long)
2026-05-11T21:09:22.880+08:00 DEBUG 181968 --- [hill-commerce-backend] [           main] c.h.m.user.mapper.UserMapper.updateById  : <==    Updates: 1
2026-05-11T21:09:22.881+08:00  INFO 181968 --- [hill-commerce-backend] [           main] c.h.modules.user.web.AuthController      : Login succeeded: email=task4-sku-status-sales@example.com, userId=85, roles=[SALES], remoteAddr=127.0.0.1
2026-05-11T21:09:23.006+08:00 DEBUG 181968 --- [hill-commerce-backend] [           main] c.h.m.p.m.P.selectCount                  : ==>  Preparing: SELECT COUNT( * ) AS total FROM product_categories WHERE (name = ?)
2026-05-11T21:09:23.007+08:00 DEBUG 181968 --- [hill-commerce-backend] [           main] c.h.m.p.m.P.selectCount                  : ==> Parameters: Task4-Phones(String)
2026-05-11T21:09:23.011+08:00 DEBUG 181968 --- [hill-commerce-backend] [           main] c.h.m.p.m.P.selectCount                  : <==      Total: 1
2026-05-11T21:09:23.017+08:00 DEBUG 181968 --- [hill-commerce-backend] [           main] c.h.m.p.m.ProductCategoryMapper.insert   : ==>  Preparing: INSERT INTO product_categories ( name, sort_order, status ) VALUES ( ?, ?, ? )
2026-05-11T21:09:23.020+08:00 DEBUG 181968 --- [hill-commerce-backend] [           main] c.h.m.p.m.ProductCategoryMapper.insert   : ==> Parameters: Task4-Phones(String), 1(Integer), ENABLED(String)
2026-05-11T21:09:23.026+08:00 DEBUG 181968 --- [hill-commerce-backend] [           main] c.h.m.p.m.ProductCategoryMapper.insert   : <==    Updates: 1
2026-05-11T21:09:23.144+08:00 DEBUG 181968 --- [hill-commerce-backend] [           main] c.h.m.p.m.ProductMapper.selectCount      : ==>  Preparing: SELECT COUNT( * ) AS total FROM products WHERE (spu_code = ? AND deleted = ?)
2026-05-11T21:09:23.147+08:00 DEBUG 181968 --- [hill-commerce-backend] [           main] c.h.m.p.m.ProductMapper.selectCount      : ==> Parameters: TASK4-PHONE(String), false(Boolean)
2026-05-11T21:09:23.150+08:00 DEBUG 181968 --- [hill-commerce-backend] [           main] c.h.m.p.m.ProductMapper.selectCount      : <==      Total: 1
2026-05-11T21:09:23.153+08:00 DEBUG 181968 --- [hill-commerce-backend] [           main] c.h.m.p.m.P.selectById                   : ==>  Preparing: SELECT id,name,sort_order,status,created_at,updated_at FROM product_categories WHERE id=?
2026-05-11T21:09:23.154+08:00 DEBUG 181968 --- [hill-commerce-backend] [           main] c.h.m.p.m.P.selectById                   : ==> Parameters: 16(Long)
2026-05-11T21:09:23.158+08:00 DEBUG 181968 --- [hill-commerce-backend] [           main] c.h.m.p.m.P.selectById                   : <==      Total: 1
2026-05-11T21:09:23.164+08:00 DEBUG 181968 --- [hill-commerce-backend] [           main] c.h.m.p.mapper.ProductMapper.insert      : ==>  Preparing: INSERT INTO products ( category_id, name, spu_code, subtitle, cover_image_url, description, min_sale_price, status, deleted ) VALUES ( ?, ?, ?, ?, ?, ?, ?, ?, ? )
2026-05-11T21:09:23.166+08:00 DEBUG 181968 --- [hill-commerce-backend] [           main] c.h.m.p.mapper.ProductMapper.insert      : ==> Parameters: 16(Long), Task4 联名手机(String), TASK4-PHONE(String), 联名测试机型(String), https://img.example.com/task4-phone-cover.jpg(String), <p>Task4 phone</p>(String), 1688.00(BigDecimal), ON_SHELF(String), false(Boolean)
2026-05-11T21:09:23.172+08:00 DEBUG 181968 --- [hill-commerce-backend] [           main] c.h.m.p.mapper.ProductMapper.insert      : <==    Updates: 1
2026-05-11T21:09:23.176+08:00 DEBUG 181968 --- [hill-commerce-backend] [           main] c.h.m.p.mapper.ProductSkuMapper.insert   : ==>  Preparing: INSERT INTO product_skus ( product_id, sku_code, sales_attr_value_key, sales_attr_value_text, price, stock, low_stock_threshold, status, deleted ) VALUES ( ?, ?, ?, ?, ?, ?, ?, ?, ? )
2026-05-11T21:09:23.178+08:00 DEBUG 181968 --- [hill-commerce-backend] [           main] c.h.m.p.mapper.ProductSkuMapper.insert   : ==> Parameters: 9(Long), TASK4-PHONE-001(String), default(String), 默认 SKU(String), 1688.00(BigDecimal), 20(Integer), 5(Integer), ENABLED(String), false(Boolean)
2026-05-11T21:09:23.183+08:00 DEBUG 181968 --- [hill-commerce-backend] [           main] c.h.m.p.mapper.ProductSkuMapper.insert   : <==    Updates: 1
2026-05-11T21:09:23.184+08:00 DEBUG 181968 --- [hill-commerce-backend] [           main] c.h.m.p.mapper.ProductMapper.selectById  : ==>  Preparing: SELECT id,category_id,name,spu_code,subtitle,cover_image_url,description,min_sale_price,status,deleted,deleted_at,created_at,updated_at FROM products WHERE id=?
2026-05-11T21:09:23.185+08:00 DEBUG 181968 --- [hill-commerce-backend] [           main] c.h.m.p.mapper.ProductMapper.selectById  : ==> Parameters: 9(Long)
2026-05-11T21:09:23.191+08:00 DEBUG 181968 --- [hill-commerce-backend] [           main] c.h.m.p.mapper.ProductMapper.selectById  : <==      Total: 1
2026-05-11T21:09:23.194+08:00 DEBUG 181968 --- [hill-commerce-backend] [           main] c.h.m.p.m.P.selectByIds                  : ==>  Preparing: SELECT id,name,sort_order,status,created_at,updated_at FROM product_categories WHERE id IN ( ? )
2026-05-11T21:09:23.195+08:00 DEBUG 181968 --- [hill-commerce-backend] [           main] c.h.m.p.m.P.selectByIds                  : ==> Parameters: 16(Long)
2026-05-11T21:09:23.198+08:00 DEBUG 181968 --- [hill-commerce-backend] [           main] c.h.m.p.m.P.selectByIds                  : <==      Total: 1
2026-05-11T21:09:23.203+08:00 DEBUG 181968 --- [hill-commerce-backend] [           main] c.h.m.p.m.ProductImageMapper.selectList  : ==>  Preparing: SELECT id,product_id,image_url,sort_order,created_at FROM product_images WHERE (product_id = ?) ORDER BY sort_order ASC,id ASC
2026-05-11T21:09:23.204+08:00 DEBUG 181968 --- [hill-commerce-backend] [           main] c.h.m.p.m.ProductImageMapper.selectList  : ==> Parameters: 9(Long)
2026-05-11T21:09:23.208+08:00 DEBUG 181968 --- [hill-commerce-backend] [           main] c.h.m.p.m.ProductImageMapper.selectList  : <==      Total: 0
2026-05-11T21:09:23.211+08:00 DEBUG 181968 --- [hill-commerce-backend] [           main] c.h.m.p.m.P.selectList                   : ==>  Preparing: SELECT id,product_id,attribute_name,attribute_value,sort_order FROM product_attribute_values WHERE (product_id = ?) ORDER BY sort_order ASC,id ASC
2026-05-11T21:09:23.212+08:00 DEBUG 181968 --- [hill-commerce-backend] [           main] c.h.m.p.m.P.selectList                   : ==> Parameters: 9(Long)
2026-05-11T21:09:23.215+08:00 DEBUG 181968 --- [hill-commerce-backend] [           main] c.h.m.p.m.P.selectList                   : <==      Total: 0
2026-05-11T21:09:23.218+08:00 DEBUG 181968 --- [hill-commerce-backend] [           main] c.h.m.p.m.P.selectList                   : ==>  Preparing: SELECT id,product_id,attribute_name,sort_order FROM product_sales_attributes WHERE (product_id = ?) ORDER BY sort_order ASC,id ASC
2026-05-11T21:09:23.219+08:00 DEBUG 181968 --- [hill-commerce-backend] [           main] c.h.m.p.m.P.selectList                   : ==> Parameters: 9(Long)
2026-05-11T21:09:23.221+08:00 DEBUG 181968 --- [hill-commerce-backend] [           main] c.h.m.p.m.P.selectList                   : <==      Total: 0
2026-05-11T21:09:23.225+08:00 DEBUG 181968 --- [hill-commerce-backend] [           main] c.h.m.p.m.P.selectList                   : ==>  Preparing: SELECT id,product_id,sales_attribute_id,attribute_value,sort_order FROM product_sales_attribute_values WHERE (product_id = ?) ORDER BY sort_order ASC,id ASC
2026-05-11T21:09:23.225+08:00 DEBUG 181968 --- [hill-commerce-backend] [           main] c.h.m.p.m.P.selectList                   : ==> Parameters: 9(Long)
2026-05-11T21:09:23.243+08:00 DEBUG 181968 --- [hill-commerce-backend] [           main] c.h.m.p.m.P.selectList                   : <==      Total: 0
2026-05-11T21:09:23.249+08:00 DEBUG 181968 --- [hill-commerce-backend] [           main] c.h.m.p.m.ProductSkuMapper.selectList    : ==>  Preparing: SELECT id,product_id,sku_code,sales_attr_value_key,sales_attr_value_text,price,stock,low_stock_threshold,status,deleted,deleted_at,created_at,updated_at FROM product_skus WHERE (product_id = ? AND deleted = ?) ORDER BY id ASC
2026-05-11T21:09:23.251+08:00 DEBUG 181968 --- [hill-commerce-backend] [           main] c.h.m.p.m.ProductSkuMapper.selectList    : ==> Parameters: 9(Long), false(Boolean)
2026-05-11T21:09:23.256+08:00 DEBUG 181968 --- [hill-commerce-backend] [           main] c.h.m.p.m.ProductSkuMapper.selectList    : <==      Total: 1
]]></system-out>
    <system-err><![CDATA[Mockito is currently self-attaching to enable the inline-mock-maker. This will no longer work in future releases of the JDK. Please add Mockito as an agent to your build as described in Mockito's documentation: https://javadoc.io/doc/org.mockito/mockito-core/latest/org.mockito/org/mockito/Mockito.html#0.3
WARNING: A Java agent has been loaded dynamically (D:\Maven\Apache\MAVEN-local_repository\net\bytebuddy\byte-buddy-agent\1.17.8\byte-buddy-agent-1.17.8.jar)
WARNING: If a serviceability tool is in use, please run with -XX:+EnableDynamicAgentLoading to hide this warning
WARNING: If a serviceability tool is not in use, please run with -Djdk.instrument.traceUsage for more information
WARNING: Dynamic loading of agents will be disallowed by default in a future release
]]></system-err>
  </testcase>
</testsuite>