<?xml version="1.0" encoding="UTF-8"?>
<testsuite xmlns:xsi="http://www.w3.org/2001/XMLSchema-instance" xsi:noNamespaceSchemaLocation="https://maven.apache.org/surefire/maven-surefire-plugin/xsd/surefire-test-report.xsd" version="3.0.2" name="com.hillcommerce.product.ProductAdminIntegrationTest" time="2.276" tests="3" errors="0" skipped="0" failures="0" flakes="0">
  <properties>
[...]
</properties>
  <testcase name="salesCanCreateUpdateAndDeleteProductAggregate" classname="com.hillcommerce.product.ProductAdminIntegrationTest" time="0.652">
    <system-out><![CDATA[2026-05-09T03:06:06.397+08:00  INFO 77732 --- [hill-commerce-backend] [           main] t.c.s.AnnotationConfigContextLoaderUtils : Could not detect default configuration classes for test class [com.hillcommerce.product.ProductAdminIntegrationTest]: ProductAdminIntegrationTest does not declare any static, non-private, non-final, nested classes annotated with @Configuration.
2026-05-09T03:06:06.421+08:00  INFO 77732 --- [hill-commerce-backend] [           main] .b.t.c.SpringBootTestContextBootstrapper : Found @SpringBootConfiguration com.hillcommerce.HillCommerceApplication for test class com.hillcommerce.product.ProductAdminIntegrationTest
2026-05-09T03:06:06.423+08:00  INFO 77732 --- [hill-commerce-backend] [           main] t.c.s.AnnotationConfigContextLoaderUtils : Could not detect default configuration classes for test class [com.hillcommerce.product.ProductAdminIntegrationTest]: ProductAdminIntegrationTest does not declare any static, non-private, non-final, nested classes annotated with @Configuration.
2026-05-09T03:06:06.424+08:00  INFO 77732 --- [hill-commerce-backend] [           main] .b.t.c.SpringBootTestContextBootstrapper : Found @SpringBootConfiguration com.hillcommerce.HillCommerceApplication for test class com.hillcommerce.product.ProductAdminIntegrationTest

  .   ____          _            __ _ _
 /\\ / ___'_ __ _ _(_)_ __  __ _ \ \ \ \
( ( )\___ | '_ | '_| | '_ \/ _` | \ \ \ \
 \\/  ___)| |_)| | | | | || (_| |  ) ) ) )
  '  |____| .__|_| |_|_| |_\__, | / / / /
 =========|_|==============|___/=/_/_/_/

 :: Spring Boot ::                (v4.0.6)

2026-05-09T03:06:06.469+08:00  INFO 77732 --- [hill-commerce-backend] [           main] c.h.product.ProductAdminIntegrationTest  : Starting ProductAdminIntegrationTest using Java 23.0.1 with PID 77732 (started by 22504 in D:\hill-commerce\backend)
2026-05-09T03:06:06.470+08:00 DEBUG 77732 --- [hill-commerce-backend] [           main] c.h.product.ProductAdminIntegrationTest  : Running with Spring Boot v4.0.6, Spring v7.0.7
2026-05-09T03:06:06.470+08:00  INFO 77732 --- [hill-commerce-backend] [           main] c.h.product.ProductAdminIntegrationTest  : The following 1 profile is active: "dev"
 _ _   |_  _ _|_. ___ _ |    _ 
| | |\/|_)(_| | |_\  |_)||_|_\ 
     /               |         
                        3.5.15 
2026-05-09T03:06:06.887+08:00  INFO 77732 --- [hill-commerce-backend] [           main] com.zaxxer.hikari.HikariDataSource       : HikariPool-2 - Starting...
2026-05-09T03:06:06.897+08:00  INFO 77732 --- [hill-commerce-backend] [           main] com.zaxxer.hikari.pool.HikariPool        : HikariPool-2 - Added connection com.mysql.cj.jdbc.ConnectionImpl@73e21fb5
2026-05-09T03:06:06.897+08:00  INFO 77732 --- [hill-commerce-backend] [           main] com.zaxxer.hikari.HikariDataSource       : HikariPool-2 - Start completed.
2026-05-09T03:06:06.904+08:00  INFO 77732 --- [hill-commerce-backend] [           main] org.flywaydb.core.FlywayExecutor         : Database: jdbc:mysql://localhost:3306/hill_commerce?useSSL=false&allowPublicKeyRetrieval=true&serverTimezone=UTC (MySQL 9.7)
2026-05-09T03:06:06.916+08:00  WARN 77732 --- [hill-commerce-backend] [           main] o.f.c.internal.database.base.Database    : Using MySQL 9.7 which is newer than the version Flyway has been verified with. The latest verified version of MySQL is 8.1.
2026-05-09T03:06:06.933+08:00  INFO 77732 --- [hill-commerce-backend] [           main] o.f.core.internal.command.DbValidate     : Successfully validated 3 migrations (execution time 00:00.013s)
2026-05-09T03:06:06.949+08:00  INFO 77732 --- [hill-commerce-backend] [           main] o.f.core.internal.command.DbMigrate      : Current version of schema `hill_commerce`: 3
2026-05-09T03:06:06.951+08:00  INFO 77732 --- [hill-commerce-backend] [           main] o.f.core.internal.command.DbMigrate      : Schema `hill_commerce` is up to date. No migration necessary.
2026-05-09T03:06:07.178+08:00  INFO 77732 --- [hill-commerce-backend] [           main] eAuthenticationProviderManagerConfigurer : Global AuthenticationManager configured with AuthenticationProvider bean with name appAuthenticationProvider
2026-05-09T03:06:07.179+08:00  WARN 77732 --- [hill-commerce-backend] [           main] r$InitializeUserDetailsManagerConfigurer : Global AuthenticationManager configured with an AuthenticationProvider bean. UserDetailsService beans will not be used by Spring Security for automatically configuring username/password login. Consider removing the AuthenticationProvider bean. Alternatively, consider using the UserDetailsService in a manually instantiated DaoAuthenticationProvider. If the current configuration is intentional, to turn off this warning, increase the logging level of 'org.springframework.security.config.annotation.authentication.configuration.InitializeUserDetailsBeanManagerConfigurer' to ERROR
2026-05-09T03:06:07.338+08:00  INFO 77732 --- [hill-commerce-backend] [           main] m.e.s.MybatisPlusApplicationContextAware : Register ApplicationContext instances org.springframework.web.context.support.GenericWebApplicationContext@5e78dd7f
2026-05-09T03:06:07.454+08:00  INFO 77732 --- [hill-commerce-backend] [           main] o.s.b.a.e.web.EndpointLinksResolver      : Exposing 2 endpoints beneath base path '/actuator'
2026-05-09T03:06:07.472+08:00  INFO 77732 --- [hill-commerce-backend] [           main] c.h.product.ProductAdminIntegrationTest  : Started ProductAdminIntegrationTest in 1.039 seconds (process running for 10.133)
2026-05-09T03:06:07.478+08:00  INFO 77732 --- [hill-commerce-backend] [           main] o.s.b.t.m.w.SpringBootMockServletContext : Initializing Spring TestDispatcherServlet ''
2026-05-09T03:06:07.478+08:00  INFO 77732 --- [hill-commerce-backend] [           main] o.s.t.web.servlet.TestDispatcherServlet  : Initializing Servlet ''
2026-05-09T03:06:07.479+08:00  INFO 77732 --- [hill-commerce-backend] [           main] o.s.t.web.servlet.TestDispatcherServlet  : Completed initialization in 1 ms
2026-05-09T03:06:07.619+08:00 DEBUG 77732 --- [hill-commerce-backend] [           main] c.h.m.user.mapper.UserMapper.selectList  : ==>  Preparing: SELECT id,email,password_hash,nickname,status,last_login_at,created_at,updated_at FROM users WHERE (email = ?)
2026-05-09T03:06:07.619+08:00 DEBUG 77732 --- [hill-commerce-backend] [           main] c.h.m.user.mapper.UserMapper.selectList  : ==> Parameters: task4-product-sales@example.com(String)
2026-05-09T03:06:07.622+08:00 DEBUG 77732 --- [hill-commerce-backend] [           main] c.h.m.user.mapper.UserMapper.selectList  : <==      Total: 1
2026-05-09T03:06:07.622+08:00 DEBUG 77732 --- [hill-commerce-backend] [           main] c.h.m.u.m.U.findRoleCodesByUserId        : ==>  Preparing: select r.code from roles r join user_roles ur on ur.role_id = r.id where ur.user_id = ? order by r.id
2026-05-09T03:06:07.623+08:00 DEBUG 77732 --- [hill-commerce-backend] [           main] c.h.m.u.m.U.findRoleCodesByUserId        : ==> Parameters: 42(Long)
2026-05-09T03:06:07.624+08:00 DEBUG 77732 --- [hill-commerce-backend] [           main] c.h.m.u.m.U.findRoleCodesByUserId        : <==      Total: 1
2026-05-09T03:06:07.716+08:00  INFO 77732 --- [hill-commerce-backend] [           main] c.h.modules.user.web.AuthController      : Login succeeded: email=task4-product-sales@example.com, userId=42, roles=[SALES], remoteAddr=127.0.0.1
2026-05-09T03:06:07.742+08:00 DEBUG 77732 --- [hill-commerce-backend] [           main] c.h.m.p.m.P.selectCount                  : ==>  Preparing: SELECT COUNT( * ) AS total FROM product_categories WHERE (name = ?)
2026-05-09T03:06:07.743+08:00 DEBUG 77732 --- [hill-commerce-backend] [           main] c.h.m.p.m.P.selectCount                  : ==> Parameters: Task4-Tops(String)
2026-05-09T03:06:07.745+08:00 DEBUG 77732 --- [hill-commerce-backend] [           main] c.h.m.p.m.P.selectCount                  : <==      Total: 1
2026-05-09T03:06:07.746+08:00 DEBUG 77732 --- [hill-commerce-backend] [           main] c.h.m.p.m.ProductCategoryMapper.insert   : ==>  Preparing: INSERT INTO product_categories ( name, sort_order, status ) VALUES ( ?, ?, ? )
2026-05-09T03:06:07.748+08:00 DEBUG 77732 --- [hill-commerce-backend] [           main] c.h.m.p.m.ProductCategoryMapper.insert   : ==> Parameters: Task4-Tops(String), 1(Integer), ENABLED(String)
2026-05-09T03:06:07.750+08:00 DEBUG 77732 --- [hill-commerce-backend] [           main] c.h.m.p.m.ProductCategoryMapper.insert   : <==    Updates: 1
2026-05-09T03:06:07.824+08:00 DEBUG 77732 --- [hill-commerce-backend] [           main] c.h.m.p.m.ProductMapper.selectCount      : ==>  Preparing: SELECT COUNT( * ) AS total FROM products WHERE (spu_code = ? AND deleted = ?)
2026-05-09T03:06:07.826+08:00 DEBUG 77732 --- [hill-commerce-backend] [           main] c.h.m.p.m.ProductMapper.selectCount      : ==> Parameters: TASK4-TEE(String), false(Boolean)
2026-05-09T03:06:07.828+08:00 DEBUG 77732 --- [hill-commerce-backend] [           main] c.h.m.p.m.ProductMapper.selectCount      : <==      Total: 1
2026-05-09T03:06:07.832+08:00 DEBUG 77732 --- [hill-commerce-backend] [           main] c.h.m.p.m.ProductSkuMapper.selectCount   : ==>  Preparing: SELECT COUNT( * ) AS total FROM product_skus WHERE (sku_code = ? AND deleted = ?)
2026-05-09T03:06:07.833+08:00 DEBUG 77732 --- [hill-commerce-backend] [           main] c.h.m.p.m.ProductSkuMapper.selectCount   : ==> Parameters: MANUAL-TASK4-001(String), false(Boolean)
2026-05-09T03:06:07.834+08:00 DEBUG 77732 --- [hill-commerce-backend] [           main] c.h.m.p.m.ProductSkuMapper.selectCount   : <==      Total: 1
2026-05-09T03:06:07.835+08:00 DEBUG 77732 --- [hill-commerce-backend] [           main] c.h.m.p.m.P.selectById                   : ==>  Preparing: SELECT id,name,sort_order,status,created_at,updated_at FROM product_categories WHERE id=?
2026-05-09T03:06:07.835+08:00 DEBUG 77732 --- [hill-commerce-backend] [           main] c.h.m.p.m.P.selectById                   : ==> Parameters: 9(Long)
2026-05-09T03:06:07.837+08:00 DEBUG 77732 --- [hill-commerce-backend] [           main] c.h.m.p.m.P.selectById                   : <==      Total: 1
2026-05-09T03:06:07.840+08:00 DEBUG 77732 --- [hill-commerce-backend] [           main] c.h.m.p.mapper.ProductMapper.insert      : ==>  Preparing: INSERT INTO products ( category_id, name, spu_code, subtitle, cover_image_url, description, min_sale_price, status, deleted ) VALUES ( ?, ?, ?, ?, ?, ?, ?, ?, ? )
2026-05-09T03:06:07.842+08:00 DEBUG 77732 --- [hill-commerce-backend] [           main] c.h.m.p.mapper.ProductMapper.insert      : ==> Parameters: 9(Long), Task4 Cotton Tee(String), TASK4-TEE(String), Lightweight basic tee(String), https://img.example.com/task4-cover.jpg(String), <p>Task4 description</p>(String), 99.00(BigDecimal), DRAFT(String), false(Boolean)
2026-05-09T03:06:07.845+08:00 DEBUG 77732 --- [hill-commerce-backend] [           main] c.h.m.p.mapper.ProductMapper.insert      : <==    Updates: 1
2026-05-09T03:06:07.846+08:00 DEBUG 77732 --- [hill-commerce-backend] [           main] c.h.m.p.m.ProductImageMapper.insert      : ==>  Preparing: INSERT INTO product_images ( product_id, image_url, sort_order ) VALUES ( ?, ?, ? )
2026-05-09T03:06:07.846+08:00 DEBUG 77732 --- [hill-commerce-backend] [           main] c.h.m.p.m.ProductImageMapper.insert      : ==> Parameters: 4(Long), https://img.example.com/task4-detail-1.jpg(String), 1(Integer)
2026-05-09T03:06:07.848+08:00 DEBUG 77732 --- [hill-commerce-backend] [           main] c.h.m.p.m.ProductImageMapper.insert      : <==    Updates: 1
2026-05-09T03:06:07.849+08:00 DEBUG 77732 --- [hill-commerce-backend] [           main] c.h.m.p.m.P.insert                       : ==>  Preparing: INSERT INTO product_attribute_values ( product_id, attribute_name, attribute_value, sort_order ) VALUES ( ?, ?, ?, ? )
2026-05-09T03:06:07.850+08:00 DEBUG 77732 --- [hill-commerce-backend] [           main] c.h.m.p.m.P.insert                       : ==> Parameters: 4(Long), Material(String), Cotton(String), 1(Integer)
2026-05-09T03:06:07.852+08:00 DEBUG 77732 --- [hill-commerce-backend] [           main] c.h.m.p.m.P.insert                       : <==    Updates: 1
2026-05-09T03:06:07.853+08:00 DEBUG 77732 --- [hill-commerce-backend] [           main] c.h.m.p.m.P.insert                       : ==>  Preparing: INSERT INTO product_sales_attributes ( product_id, attribute_name, sort_order ) VALUES ( ?, ?, ? )
2026-05-09T03:06:07.853+08:00 DEBUG 77732 --- [hill-commerce-backend] [           main] c.h.m.p.m.P.insert                       : ==> Parameters: 4(Long), Color(String), 1(Integer)
2026-05-09T03:06:07.855+08:00 DEBUG 77732 --- [hill-commerce-backend] [           main] c.h.m.p.m.P.insert                       : <==    Updates: 1
2026-05-09T03:06:07.856+08:00 DEBUG 77732 --- [hill-commerce-backend] [           main] c.h.m.p.m.P.insert                       : ==>  Preparing: INSERT INTO product_sales_attribute_values ( product_id, sales_attribute_id, attribute_value, sort_order ) VALUES ( ?, ?, ?, ? )
2026-05-09T03:06:07.857+08:00 DEBUG 77732 --- [hill-commerce-backend] [           main] c.h.m.p.m.P.insert                       : ==> Parameters: 4(Long), 8(Long), Black(String), 1(Integer)
2026-05-09T03:06:07.859+08:00 DEBUG 77732 --- [hill-commerce-backend] [           main] c.h.m.p.m.P.insert                       : <==    Updates: 1
2026-05-09T03:06:07.860+08:00 DEBUG 77732 --- [hill-commerce-backend] [           main] c.h.m.p.m.P.insert                       : ==>  Preparing: INSERT INTO product_sales_attribute_values ( product_id, sales_attribute_id, attribute_value, sort_order ) VALUES ( ?, ?, ?, ? )
2026-05-09T03:06:07.860+08:00 DEBUG 77732 --- [hill-commerce-backend] [           main] c.h.m.p.m.P.insert                       : ==> Parameters: 4(Long), 8(Long), White(String), 2(Integer)
2026-05-09T03:06:07.863+08:00 DEBUG 77732 --- [hill-commerce-backend] [           main] c.h.m.p.m.P.insert                       : <==    Updates: 1
2026-05-09T03:06:07.864+08:00 DEBUG 77732 --- [hill-commerce-backend] [           main] c.h.m.p.mapper.ProductSkuMapper.insert   : ==>  Preparing: INSERT INTO product_skus ( product_id, sku_code, sales_attr_value_key, sales_attr_value_text, price, stock, low_stock_threshold, status, deleted ) VALUES ( ?, ?, ?, ?, ?, ?, ?, ?, ? )
2026-05-09T03:06:07.865+08:00 DEBUG 77732 --- [hill-commerce-backend] [           main] c.h.m.p.mapper.ProductSkuMapper.insert   : ==> Parameters: 4(Long), TASK4-TEE-001(String), Color:Black(String), Color: Black(String), 99.00(BigDecimal), 15(Integer), 3(Integer), OFF_SHELF(String), false(Boolean)
2026-05-09T03:06:07.867+08:00 DEBUG 77732 --- [hill-commerce-backend] [           main] c.h.m.p.mapper.ProductSkuMapper.insert   : <==    Updates: 1
2026-05-09T03:06:07.868+08:00 DEBUG 77732 --- [hill-commerce-backend] [           main] c.h.m.p.mapper.ProductSkuMapper.insert   : ==>  Preparing: INSERT INTO product_skus ( product_id, sku_code, sales_attr_value_key, sales_attr_value_text, price, stock, low_stock_threshold, status, deleted ) VALUES ( ?, ?, ?, ?, ?, ?, ?, ?, ? )
2026-05-09T03:06:07.868+08:00 DEBUG 77732 --- [hill-commerce-backend] [           main] c.h.m.p.mapper.ProductSkuMapper.insert   : ==> Parameters: 4(Long), MANUAL-TASK4-001(String), Color:White(String), Color: White(String), 109.00(BigDecimal), 9(Integer), 2(Integer), OFF_SHELF(String), false(Boolean)
2026-05-09T03:06:07.870+08:00 DEBUG 77732 --- [hill-commerce-backend] [           main] c.h.m.p.mapper.ProductSkuMapper.insert   : <==    Updates: 1
2026-05-09T03:06:07.870+08:00 DEBUG 77732 --- [hill-commerce-backend] [           main] c.h.m.p.mapper.ProductMapper.selectById  : ==>  Preparing: SELECT id,category_id,name,spu_code,subtitle,cover_image_url,description,min_sale_price,status,deleted,deleted_at,created_at,updated_at FROM products WHERE id=?
2026-05-09T03:06:07.871+08:00 DEBUG 77732 --- [hill-commerce-backend] [           main] c.h.m.p.mapper.ProductMapper.selectById  : ==> Parameters: 4(Long)
2026-05-09T03:06:07.874+08:00 DEBUG 77732 --- [hill-commerce-backend] [           main] c.h.m.p.mapper.ProductMapper.selectById  : <==      Total: 1
2026-05-09T03:06:07.876+08:00 DEBUG 77732 --- [hill-commerce-backend] [           main] c.h.m.p.m.P.selectByIds                  : ==>  Preparing: SELECT id,name,sort_order,status,created_at,updated_at FROM product_categories WHERE id IN ( ? )
2026-05-09T03:06:07.876+08:00 DEBUG 77732 --- [hill-commerce-backend] [           main] c.h.m.p.m.P.selectByIds                  : ==> Parameters: 9(Long)
2026-05-09T03:06:07.878+08:00 DEBUG 77732 --- [hill-commerce-backend] [           main] c.h.m.p.m.P.selectByIds                  : <==      Total: 1
2026-05-09T03:06:07.881+08:00 DEBUG 77732 --- [hill-commerce-backend] [           main] c.h.m.p.m.ProductImageMapper.selectList  : ==>  Preparing: SELECT id,product_id,image_url,sort_order,created_at FROM product_images WHERE (product_id = ?) ORDER BY sort_order ASC,id ASC
2026-05-09T03:06:07.881+08:00 DEBUG 77732 --- [hill-commerce-backend] [           main] c.h.m.p.m.ProductImageMapper.selectList  : ==> Parameters: 4(Long)
2026-05-09T03:06:07.883+08:00 DEBUG 77732 --- [hill-commerce-backend] [           main] c.h.m.p.m.ProductImageMapper.selectList  : <==      Total: 1
2026-05-09T03:06:07.884+08:00 DEBUG 77732 --- [hill-commerce-backend] [           main] c.h.m.p.m.P.selectList                   : ==>  Preparing: SELECT id,product_id,attribute_name,attribute_value,sort_order FROM product_attribute_values WHERE (product_id = ?) ORDER BY sort_order ASC,id ASC
2026-05-09T03:06:07.885+08:00 DEBUG 77732 --- [hill-commerce-backend] [           main] c.h.m.p.m.P.selectList                   : ==> Parameters: 4(Long)
2026-05-09T03:06:07.887+08:00 DEBUG 77732 --- [hill-commerce-backend] [           main] c.h.m.p.m.P.selectList                   : <==      Total: 1
2026-05-09T03:06:07.889+08:00 DEBUG 77732 --- [hill-commerce-backend] [           main] c.h.m.p.m.P.selectList                   : ==>  Preparing: SELECT id,product_id,attribute_name,sort_order FROM product_sales_attributes WHERE (product_id = ?) ORDER BY sort_order ASC,id ASC
2026-05-09T03:06:07.889+08:00 DEBUG 77732 --- [hill-commerce-backend] [           main] c.h.m.p.m.P.selectList                   : ==> Parameters: 4(Long)
2026-05-09T03:06:07.892+08:00 DEBUG 77732 --- [hill-commerce-backend] [           main] c.h.m.p.m.P.selectList                   : <==      Total: 1
2026-05-09T03:06:07.893+08:00 DEBUG 77732 --- [hill-commerce-backend] [           main] c.h.m.p.m.P.selectList                   : ==>  Preparing: SELECT id,product_id,sales_attribute_id,attribute_value,sort_order FROM product_sales_attribute_values WHERE (product_id = ?) ORDER BY sort_order ASC,id ASC
2026-05-09T03:06:07.894+08:00 DEBUG 77732 --- [hill-commerce-backend] [           main] c.h.m.p.m.P.selectList                   : ==> Parameters: 4(Long)
2026-05-09T03:06:07.896+08:00 DEBUG 77732 --- [hill-commerce-backend] [           main] c.h.m.p.m.P.selectList                   : <==      Total: 2
2026-05-09T03:06:07.897+08:00 DEBUG 77732 --- [hill-commerce-backend] [           main] c.h.m.p.m.ProductSkuMapper.selectList    : ==>  Preparing: SELECT id,product_id,sku_code,sales_attr_value_key,sales_attr_value_text,price,stock,low_stock_threshold,status,deleted,deleted_at,created_at,updated_at FROM product_skus WHERE (product_id = ? AND deleted = ?) ORDER BY id ASC
2026-05-09T03:06:07.898+08:00 DEBUG 77732 --- [hill-commerce-backend] [           main] c.h.m.p.m.ProductSkuMapper.selectList    : ==> Parameters: 4(Long), false(Boolean)
2026-05-09T03:06:07.901+08:00 DEBUG 77732 --- [hill-commerce-backend] [           main] c.h.m.p.m.ProductSkuMapper.selectList    : <==      Total: 2
2026-05-09T03:06:07.938+08:00 DEBUG 77732 --- [hill-commerce-backend] [           main] c.h.m.p.mapper.ProductMapper.selectById  : ==>  Preparing: SELECT id,category_id,name,spu_code,subtitle,cover_image_url,description,min_sale_price,status,deleted,deleted_at,created_at,updated_at FROM products WHERE id=?
2026-05-09T03:06:07.939+08:00 DEBUG 77732 --- [hill-commerce-backend] [           main] c.h.m.p.mapper.ProductMapper.selectById  : ==> Parameters: 4(Long)
2026-05-09T03:06:07.941+08:00 DEBUG 77732 --- [hill-commerce-backend] [           main] c.h.m.p.mapper.ProductMapper.selectById  : <==      Total: 1
2026-05-09T03:06:07.942+08:00 DEBUG 77732 --- [hill-commerce-backend] [           main] c.h.m.p.m.P.selectByIds                  : ==>  Preparing: SELECT id,name,sort_order,status,created_at,updated_at FROM product_categories WHERE id IN ( ? )
2026-05-09T03:06:07.942+08:00 DEBUG 77732 --- [hill-commerce-backend] [           main] c.h.m.p.m.P.selectByIds                  : ==> Parameters: 9(Long)
2026-05-09T03:06:07.944+08:00 DEBUG 77732 --- [hill-commerce-backend] [           main] c.h.m.p.m.P.selectByIds                  : <==      Total: 1
2026-05-09T03:06:07.945+08:00 DEBUG 77732 --- [hill-commerce-backend] [           main] c.h.m.p.m.ProductImageMapper.selectList  : ==>  Preparing: SELECT id,product_id,image_url,sort_order,created_at FROM product_images WHERE (product_id = ?) ORDER BY sort_order ASC,id ASC
2026-05-09T03:06:07.945+08:00 DEBUG 77732 --- [hill-commerce-backend] [           main] c.h.m.p.m.ProductImageMapper.selectList  : ==> Parameters: 4(Long)
2026-05-09T03:06:07.947+08:00 DEBUG 77732 --- [hill-commerce-backend] [           main] c.h.m.p.m.ProductImageMapper.selectList  : <==      Total: 1
2026-05-09T03:06:07.948+08:00 DEBUG 77732 --- [hill-commerce-backend] [           main] c.h.m.p.m.P.selectList                   : ==>  Preparing: SELECT id,product_id,attribute_name,attribute_value,sort_order FROM product_attribute_values WHERE (product_id = ?) ORDER BY sort_order ASC,id ASC
2026-05-09T03:06:07.949+08:00 DEBUG 77732 --- [hill-commerce-backend] [           main] c.h.m.p.m.P.selectList                   : ==> Parameters: 4(Long)
2026-05-09T03:06:07.950+08:00 DEBUG 77732 --- [hill-commerce-backend] [           main] c.h.m.p.m.P.selectList                   : <==      Total: 1
2026-05-09T03:06:07.951+08:00 DEBUG 77732 --- [hill-commerce-backend] [           main] c.h.m.p.m.P.selectList                   : ==>  Preparing: SELECT id,product_id,attribute_name,sort_order FROM product_sales_attributes WHERE (product_id = ?) ORDER BY sort_order ASC,id ASC
2026-05-09T03:06:07.952+08:00 DEBUG 77732 --- [hill-commerce-backend] [           main] c.h.m.p.m.P.selectList                   : ==> Parameters: 4(Long)
2026-05-09T03:06:07.953+08:00 DEBUG 77732 --- [hill-commerce-backend] [           main] c.h.m.p.m.P.selectList                   : <==      Total: 1
2026-05-09T03:06:07.954+08:00 DEBUG 77732 --- [hill-commerce-backend] [           main] c.h.m.p.m.P.selectList                   : ==>  Preparing: SELECT id,product_id,sales_attribute_id,attribute_value,sort_order FROM product_sales_attribute_values WHERE (product_id = ?) ORDER BY sort_order ASC,id ASC
2026-05-09T03:06:07.954+08:00 DEBUG 77732 --- [hill-commerce-backend] [           main] c.h.m.p.m.P.selectList                   : ==> Parameters: 4(Long)
2026-05-09T03:06:07.955+08:00 DEBUG 77732 --- [hill-commerce-backend] [           main] c.h.m.p.m.P.selectList                   : <==      Total: 2
2026-05-09T03:06:07.956+08:00 DEBUG 77732 --- [hill-commerce-backend] [           main] c.h.m.p.m.ProductSkuMapper.selectList    : ==>  Preparing: SELECT id,product_id,sku_code,sales_attr_value_key,sales_attr_value_text,price,stock,low_stock_threshold,status,deleted,deleted_at,created_at,updated_at FROM product_skus WHERE (product_id = ? AND deleted = ?) ORDER BY id ASC
2026-05-09T03:06:07.957+08:00 DEBUG 77732 --- [hill-commerce-backend] [           main] c.h.m.p.m.ProductSkuMapper.selectList    : ==> Parameters: 4(Long), false(Boolean)
2026-05-09T03:06:07.959+08:00 DEBUG 77732 --- [hill-commerce-backend] [           main] c.h.m.p.m.ProductSkuMapper.selectList    : <==      Total: 2
2026-05-09T03:06:07.967+08:00 DEBUG 77732 --- [hill-commerce-backend] [           main] c.h.m.p.mapper.ProductMapper.selectById  : ==>  Preparing: SELECT id,category_id,name,spu_code,subtitle,cover_image_url,description,min_sale_price,status,deleted,deleted_at,created_at,updated_at FROM products WHERE id=?
2026-05-09T03:06:07.967+08:00 DEBUG 77732 --- [hill-commerce-backend] [           main] c.h.m.p.mapper.ProductMapper.selectById  : ==> Parameters: 4(Long)
2026-05-09T03:06:07.969+08:00 DEBUG 77732 --- [hill-commerce-backend] [           main] c.h.m.p.mapper.ProductMapper.selectById  : <==      Total: 1
2026-05-09T03:06:07.969+08:00 DEBUG 77732 --- [hill-commerce-backend] [           main] c.h.m.p.m.ProductMapper.selectCount      : ==>  Preparing: SELECT COUNT( * ) AS total FROM products WHERE (spu_code = ? AND deleted = ? AND id <> ?)
2026-05-09T03:06:07.970+08:00 DEBUG 77732 --- [hill-commerce-backend] [           main] c.h.m.p.m.ProductMapper.selectCount      : ==> Parameters: TASK4-TEE(String), false(Boolean), 4(Long)
2026-05-09T03:06:07.971+08:00 DEBUG 77732 --- [hill-commerce-backend] [           main] c.h.m.p.m.ProductMapper.selectCount      : <==      Total: 1
2026-05-09T03:06:07.973+08:00 DEBUG 77732 --- [hill-commerce-backend] [           main] c.h.m.p.m.ProductSkuMapper.selectCount   : ==>  Preparing: SELECT COUNT( * ) AS total FROM product_skus WHERE (sku_code = ? AND deleted = ? AND product_id <> ?)
2026-05-09T03:06:07.973+08:00 DEBUG 77732 --- [hill-commerce-backend] [           main] c.h.m.p.m.ProductSkuMapper.selectCount   : ==> Parameters: TASK4-TEE-001(String), false(Boolean), 4(Long)
2026-05-09T03:06:07.974+08:00 DEBUG 77732 --- [hill-commerce-backend] [           main] c.h.m.p.m.ProductSkuMapper.selectCount   : <==      Total: 1
2026-05-09T03:06:07.974+08:00 DEBUG 77732 --- [hill-commerce-backend] [           main] c.h.m.p.m.P.selectById                   : ==>  Preparing: SELECT id,name,sort_order,status,created_at,updated_at FROM product_categories WHERE id=?
2026-05-09T03:06:07.975+08:00 DEBUG 77732 --- [hill-commerce-backend] [           main] c.h.m.p.m.P.selectById                   : ==> Parameters: 9(Long)
2026-05-09T03:06:07.977+08:00 DEBUG 77732 --- [hill-commerce-backend] [           main] c.h.m.p.m.P.selectById                   : <==      Total: 1
2026-05-09T03:06:07.982+08:00 DEBUG 77732 --- [hill-commerce-backend] [           main] c.h.m.p.mapper.ProductMapper.updateById  : ==>  Preparing: UPDATE products SET category_id=?, name=?, spu_code=?, subtitle=?, cover_image_url=?, description=?, min_sale_price=?, status=?, deleted=?, created_at=?, updated_at=? WHERE id=?
2026-05-09T03:06:07.984+08:00 DEBUG 77732 --- [hill-commerce-backend] [           main] c.h.m.p.mapper.ProductMapper.updateById  : ==> Parameters: 9(Long), Task4 Cotton Tee Updated(String), TASK4-TEE(String), Updated subtitle(String), https://img.example.com/task4-cover-updated.jpg(String), <p>Updated Task4 description</p>(String), 119.00(BigDecimal), DRAFT(String), false(Boolean), 2026-05-08T19:06:07.844(LocalDateTime), 2026-05-08T19:06:07.844(LocalDateTime), 4(Long)
2026-05-09T03:06:07.987+08:00 DEBUG 77732 --- [hill-commerce-backend] [           main] c.h.m.p.mapper.ProductMapper.updateById  : <==    Updates: 1
2026-05-09T03:06:07.988+08:00 DEBUG 77732 --- [hill-commerce-backend] [           main] c.h.m.p.m.P.delete                       : ==>  Preparing: DELETE FROM product_sales_attribute_values WHERE (product_id = ?)
2026-05-09T03:06:07.988+08:00 DEBUG 77732 --- [hill-commerce-backend] [           main] c.h.m.p.m.P.delete                       : ==> Parameters: 4(Long)
2026-05-09T03:06:07.991+08:00 DEBUG 77732 --- [hill-commerce-backend] [           main] c.h.m.p.m.P.delete                       : <==    Updates: 2
2026-05-09T03:06:07.993+08:00 DEBUG 77732 --- [hill-commerce-backend] [           main] c.h.m.p.m.P.delete                       : ==>  Preparing: DELETE FROM product_sales_attributes WHERE (product_id = ?)
2026-05-09T03:06:07.993+08:00 DEBUG 77732 --- [hill-commerce-backend] [           main] c.h.m.p.m.P.delete                       : ==> Parameters: 4(Long)
2026-05-09T03:06:07.996+08:00 DEBUG 77732 --- [hill-commerce-backend] [           main] c.h.m.p.m.P.delete                       : <==    Updates: 1
2026-05-09T03:06:07.997+08:00 DEBUG 77732 --- [hill-commerce-backend] [           main] c.h.m.p.m.P.delete                       : ==>  Preparing: DELETE FROM product_attribute_values WHERE (product_id = ?)
2026-05-09T03:06:07.997+08:00 DEBUG 77732 --- [hill-commerce-backend] [           main] c.h.m.p.m.P.delete                       : ==> Parameters: 4(Long)
2026-05-09T03:06:07.999+08:00 DEBUG 77732 --- [hill-commerce-backend] [           main] c.h.m.p.m.P.delete                       : <==    Updates: 1
2026-05-09T03:06:08.000+08:00 DEBUG 77732 --- [hill-commerce-backend] [           main] c.h.m.p.m.ProductImageMapper.delete      : ==>  Preparing: DELETE FROM product_images WHERE (product_id = ?)
2026-05-09T03:06:08.001+08:00 DEBUG 77732 --- [hill-commerce-backend] [           main] c.h.m.p.m.ProductImageMapper.delete      : ==> Parameters: 4(Long)
2026-05-09T03:06:08.002+08:00 DEBUG 77732 --- [hill-commerce-backend] [           main] c.h.m.p.m.ProductImageMapper.delete      : <==    Updates: 1
2026-05-09T03:06:08.004+08:00 DEBUG 77732 --- [hill-commerce-backend] [           main] c.h.m.p.mapper.ProductSkuMapper.delete   : ==>  Preparing: DELETE FROM product_skus WHERE (product_id = ?)
2026-05-09T03:06:08.005+08:00 DEBUG 77732 --- [hill-commerce-backend] [           main] c.h.m.p.mapper.ProductSkuMapper.delete   : ==> Parameters: 4(Long)
2026-05-09T03:06:08.006+08:00 DEBUG 77732 --- [hill-commerce-backend] [           main] c.h.m.p.mapper.ProductSkuMapper.delete   : <==    Updates: 2
2026-05-09T03:06:08.007+08:00 DEBUG 77732 --- [hill-commerce-backend] [           main] c.h.m.p.m.ProductImageMapper.insert      : ==>  Preparing: INSERT INTO product_images ( product_id, image_url, sort_order ) VALUES ( ?, ?, ? )
2026-05-09T03:06:08.007+08:00 DEBUG 77732 --- [hill-commerce-backend] [           main] c.h.m.p.m.ProductImageMapper.insert      : ==> Parameters: 4(Long), https://img.example.com/task4-detail-1.jpg(String), 1(Integer)
2026-05-09T03:06:08.009+08:00 DEBUG 77732 --- [hill-commerce-backend] [           main] c.h.m.p.m.ProductImageMapper.insert      : <==    Updates: 1
2026-05-09T03:06:08.010+08:00 DEBUG 77732 --- [hill-commerce-backend] [           main] c.h.m.p.m.ProductImageMapper.insert      : ==>  Preparing: INSERT INTO product_images ( product_id, image_url, sort_order ) VALUES ( ?, ?, ? )
2026-05-09T03:06:08.010+08:00 DEBUG 77732 --- [hill-commerce-backend] [           main] c.h.m.p.m.ProductImageMapper.insert      : ==> Parameters: 4(Long), https://img.example.com/task4-detail-2.jpg(String), 2(Integer)
2026-05-09T03:06:08.012+08:00 DEBUG 77732 --- [hill-commerce-backend] [           main] c.h.m.p.m.ProductImageMapper.insert      : <==    Updates: 1
2026-05-09T03:06:08.013+08:00 DEBUG 77732 --- [hill-commerce-backend] [           main] c.h.m.p.m.P.insert                       : ==>  Preparing: INSERT INTO product_attribute_values ( product_id, attribute_name, attribute_value, sort_order ) VALUES ( ?, ?, ?, ? )
2026-05-09T03:06:08.013+08:00 DEBUG 77732 --- [hill-commerce-backend] [           main] c.h.m.p.m.P.insert                       : ==> Parameters: 4(Long), Material(String), Organic Cotton(String), 1(Integer)
2026-05-09T03:06:08.015+08:00 DEBUG 77732 --- [hill-commerce-backend] [           main] c.h.m.p.m.P.insert                       : <==    Updates: 1
2026-05-09T03:06:08.015+08:00 DEBUG 77732 --- [hill-commerce-backend] [           main] c.h.m.p.m.P.insert                       : ==>  Preparing: INSERT INTO product_attribute_values ( product_id, attribute_name, attribute_value, sort_order ) VALUES ( ?, ?, ?, ? )
2026-05-09T03:06:08.015+08:00 DEBUG 77732 --- [hill-commerce-backend] [           main] c.h.m.p.m.P.insert                       : ==> Parameters: 4(Long), Fit(String), Regular(String), 2(Integer)
2026-05-09T03:06:08.017+08:00 DEBUG 77732 --- [hill-commerce-backend] [           main] c.h.m.p.m.P.insert                       : <==    Updates: 1
2026-05-09T03:06:08.017+08:00 DEBUG 77732 --- [hill-commerce-backend] [           main] c.h.m.p.m.P.insert                       : ==>  Preparing: INSERT INTO product_sales_attributes ( product_id, attribute_name, sort_order ) VALUES ( ?, ?, ? )
2026-05-09T03:06:08.018+08:00 DEBUG 77732 --- [hill-commerce-backend] [           main] c.h.m.p.m.P.insert                       : ==> Parameters: 4(Long), Color(String), 1(Integer)
2026-05-09T03:06:08.019+08:00 DEBUG 77732 --- [hill-commerce-backend] [           main] c.h.m.p.m.P.insert                       : <==    Updates: 1
2026-05-09T03:06:08.020+08:00 DEBUG 77732 --- [hill-commerce-backend] [           main] c.h.m.p.m.P.insert                       : ==>  Preparing: INSERT INTO product_sales_attribute_values ( product_id, sales_attribute_id, attribute_value, sort_order ) VALUES ( ?, ?, ?, ? )
2026-05-09T03:06:08.021+08:00 DEBUG 77732 --- [hill-commerce-backend] [           main] c.h.m.p.m.P.insert                       : ==> Parameters: 4(Long), 9(Long), Black(String), 1(Integer)
2026-05-09T03:06:08.023+08:00 DEBUG 77732 --- [hill-commerce-backend] [           main] c.h.m.p.m.P.insert                       : <==    Updates: 1
2026-05-09T03:06:08.023+08:00 DEBUG 77732 --- [hill-commerce-backend] [           main] c.h.m.p.m.P.insert                       : ==>  Preparing: INSERT INTO product_sales_attribute_values ( product_id, sales_attribute_id, attribute_value, sort_order ) VALUES ( ?, ?, ?, ? )
2026-05-09T03:06:08.023+08:00 DEBUG 77732 --- [hill-commerce-backend] [           main] c.h.m.p.m.P.insert                       : ==> Parameters: 4(Long), 9(Long), White(String), 2(Integer)
2026-05-09T03:06:08.025+08:00 DEBUG 77732 --- [hill-commerce-backend] [           main] c.h.m.p.m.P.insert                       : <==    Updates: 1
2026-05-09T03:06:08.026+08:00 DEBUG 77732 --- [hill-commerce-backend] [           main] c.h.m.p.m.P.insert                       : ==>  Preparing: INSERT INTO product_sales_attributes ( product_id, attribute_name, sort_order ) VALUES ( ?, ?, ? )
2026-05-09T03:06:08.026+08:00 DEBUG 77732 --- [hill-commerce-backend] [           main] c.h.m.p.m.P.insert                       : ==> Parameters: 4(Long), Size(String), 2(Integer)
2026-05-09T03:06:08.028+08:00 DEBUG 77732 --- [hill-commerce-backend] [           main] c.h.m.p.m.P.insert                       : <==    Updates: 1
2026-05-09T03:06:08.029+08:00 DEBUG 77732 --- [hill-commerce-backend] [           main] c.h.m.p.m.P.insert                       : ==>  Preparing: INSERT INTO product_sales_attribute_values ( product_id, sales_attribute_id, attribute_value, sort_order ) VALUES ( ?, ?, ?, ? )
2026-05-09T03:06:08.029+08:00 DEBUG 77732 --- [hill-commerce-backend] [           main] c.h.m.p.m.P.insert                       : ==> Parameters: 4(Long), 10(Long), M(String), 1(Integer)
2026-05-09T03:06:08.031+08:00 DEBUG 77732 --- [hill-commerce-backend] [           main] c.h.m.p.m.P.insert                       : <==    Updates: 1
2026-05-09T03:06:08.031+08:00 DEBUG 77732 --- [hill-commerce-backend] [           main] c.h.m.p.mapper.ProductSkuMapper.insert   : ==>  Preparing: INSERT INTO product_skus ( product_id, sku_code, sales_attr_value_key, sales_attr_value_text, price, stock, low_stock_threshold, status, deleted ) VALUES ( ?, ?, ?, ?, ?, ?, ?, ?, ? )
2026-05-09T03:06:08.032+08:00 DEBUG 77732 --- [hill-commerce-backend] [           main] c.h.m.p.mapper.ProductSkuMapper.insert   : ==> Parameters: 4(Long), TASK4-TEE-001(String), Color:Black|Size:M(String), Color: Black / Size: M(String), 119.00(BigDecimal), 12(Integer), 4(Integer), OFF_SHELF(String), false(Boolean)
2026-05-09T03:06:08.033+08:00 DEBUG 77732 --- [hill-commerce-backend] [           main] c.h.m.p.mapper.ProductSkuMapper.insert   : <==    Updates: 1
2026-05-09T03:06:08.034+08:00 DEBUG 77732 --- [hill-commerce-backend] [           main] c.h.m.p.mapper.ProductSkuMapper.insert   : ==>  Preparing: INSERT INTO product_skus ( product_id, sku_code, sales_attr_value_key, sales_attr_value_text, price, stock, low_stock_threshold, status, deleted ) VALUES ( ?, ?, ?, ?, ?, ?, ?, ?, ? )
2026-05-09T03:06:08.034+08:00 DEBUG 77732 --- [hill-commerce-backend] [           main] c.h.m.p.mapper.ProductSkuMapper.insert   : ==> Parameters: 4(Long), TASK4-TEE-002(String), Color:White|Size:M(String), Color: White / Size: M(String), 129.00(BigDecimal), 8(Integer), 3(Integer), OFF_SHELF(String), false(Boolean)
2026-05-09T03:06:08.036+08:00 DEBUG 77732 --- [hill-commerce-backend] [           main] c.h.m.p.mapper.ProductSkuMapper.insert   : <==    Updates: 1
2026-05-09T03:06:08.036+08:00 DEBUG 77732 --- [hill-commerce-backend] [           main] c.h.m.p.mapper.ProductMapper.selectById  : ==>  Preparing: SELECT id,category_id,name,spu_code,subtitle,cover_image_url,description,min_sale_price,status,deleted,deleted_at,created_at,updated_at FROM products WHERE id=?
2026-05-09T03:06:08.036+08:00 DEBUG 77732 --- [hill-commerce-backend] [           main] c.h.m.p.mapper.ProductMapper.selectById  : ==> Parameters: 4(Long)
2026-05-09T03:06:08.038+08:00 DEBUG 77732 --- [hill-commerce-backend] [           main] c.h.m.p.mapper.ProductMapper.selectById  : <==      Total: 1
2026-05-09T03:06:08.039+08:00 DEBUG 77732 --- [hill-commerce-backend] [           main] c.h.m.p.m.P.selectByIds                  : ==>  Preparing: SELECT id,name,sort_order,status,created_at,updated_at FROM product_categories WHERE id IN ( ? )
2026-05-09T03:06:08.039+08:00 DEBUG 77732 --- [hill-commerce-backend] [           main] c.h.m.p.m.P.selectByIds                  : ==> Parameters: 9(Long)
2026-05-09T03:06:08.040+08:00 DEBUG 77732 --- [hill-commerce-backend] [           main] c.h.m.p.m.P.selectByIds                  : <==      Total: 1
2026-05-09T03:06:08.040+08:00 DEBUG 77732 --- [hill-commerce-backend] [           main] c.h.m.p.m.ProductImageMapper.selectList  : ==>  Preparing: SELECT id,product_id,image_url,sort_order,created_at FROM product_images WHERE (product_id = ?) ORDER BY sort_order ASC,id ASC
2026-05-09T03:06:08.040+08:00 DEBUG 77732 --- [hill-commerce-backend] [           main] c.h.m.p.m.ProductImageMapper.selectList  : ==> Parameters: 4(Long)
2026-05-09T03:06:08.043+08:00 DEBUG 77732 --- [hill-commerce-backend] [           main] c.h.m.p.m.ProductImageMapper.selectList  : <==      Total: 2
2026-05-09T03:06:08.044+08:00 DEBUG 77732 --- [hill-commerce-backend] [           main] c.h.m.p.m.P.selectList                   : ==>  Preparing: SELECT id,product_id,attribute_name,attribute_value,sort_order FROM product_attribute_values WHERE (product_id = ?) ORDER BY sort_order ASC,id ASC
2026-05-09T03:06:08.044+08:00 DEBUG 77732 --- [hill-commerce-backend] [           main] c.h.m.p.m.P.selectList                   : ==> Parameters: 4(Long)
2026-05-09T03:06:08.046+08:00 DEBUG 77732 --- [hill-commerce-backend] [           main] c.h.m.p.m.P.selectList                   : <==      Total: 2
2026-05-09T03:06:08.047+08:00 DEBUG 77732 --- [hill-commerce-backend] [           main] c.h.m.p.m.P.selectList                   : ==>  Preparing: SELECT id,product_id,attribute_name,sort_order FROM product_sales_attributes WHERE (product_id = ?) ORDER BY sort_order ASC,id ASC
2026-05-09T03:06:08.047+08:00 DEBUG 77732 --- [hill-commerce-backend] [           main] c.h.m.p.m.P.selectList                   : ==> Parameters: 4(Long)
2026-05-09T03:06:08.049+08:00 DEBUG 77732 --- [hill-commerce-backend] [           main] c.h.m.p.m.P.selectList                   : <==      Total: 2
2026-05-09T03:06:08.049+08:00 DEBUG 77732 --- [hill-commerce-backend] [           main] c.h.m.p.m.P.selectList                   : ==>  Preparing: SELECT id,product_id,sales_attribute_id,attribute_value,sort_order FROM product_sales_attribute_values WHERE (product_id = ?) ORDER BY sort_order ASC,id ASC
2026-05-09T03:06:08.049+08:00 DEBUG 77732 --- [hill-commerce-backend] [           main] c.h.m.p.m.P.selectList                   : ==> Parameters: 4(Long)
2026-05-09T03:06:08.052+08:00 DEBUG 77732 --- [hill-commerce-backend] [           main] c.h.m.p.m.P.selectList                   : <==      Total: 3
2026-05-09T03:06:08.052+08:00 DEBUG 77732 --- [hill-commerce-backend] [           main] c.h.m.p.m.ProductSkuMapper.selectList    : ==>  Preparing: SELECT id,product_id,sku_code,sales_attr_value_key,sales_attr_value_text,price,stock,low_stock_threshold,status,deleted,deleted_at,created_at,updated_at FROM product_skus WHERE (product_id = ? AND deleted = ?) ORDER BY id ASC
2026-05-09T03:06:08.052+08:00 DEBUG 77732 --- [hill-commerce-backend] [           main] c.h.m.p.m.ProductSkuMapper.selectList    : ==> Parameters: 4(Long), false(Boolean)
2026-05-09T03:06:08.055+08:00 DEBUG 77732 --- [hill-commerce-backend] [           main] c.h.m.p.m.ProductSkuMapper.selectList    : <==      Total: 2
2026-05-09T03:06:08.071+08:00 DEBUG 77732 --- [hill-commerce-backend] [           main] c.h.m.p.mapper.ProductMapper.selectById  : ==>  Preparing: SELECT id,category_id,name,spu_code,subtitle,cover_image_url,description,min_sale_price,status,deleted,deleted_at,created_at,updated_at FROM products WHERE id=?
2026-05-09T03:06:08.072+08:00 DEBUG 77732 --- [hill-commerce-backend] [           main] c.h.m.p.mapper.ProductMapper.selectById  : ==> Parameters: 4(Long)
2026-05-09T03:06:08.074+08:00 DEBUG 77732 --- [hill-commerce-backend] [           main] c.h.m.p.mapper.ProductMapper.selectById  : <==      Total: 1
2026-05-09T03:06:08.075+08:00 DEBUG 77732 --- [hill-commerce-backend] [           main] c.h.m.p.m.ProductSkuMapper.selectCount   : ==>  Preparing: SELECT COUNT( * ) AS total FROM product_skus WHERE (product_id = ? AND deleted = ?)
2026-05-09T03:06:08.075+08:00 DEBUG 77732 --- [hill-commerce-backend] [           main] c.h.m.p.m.ProductSkuMapper.selectCount   : ==> Parameters: 4(Long), false(Boolean)
2026-05-09T03:06:08.077+08:00 DEBUG 77732 --- [hill-commerce-backend] [           main] c.h.m.p.m.ProductSkuMapper.selectCount   : <==      Total: 1
2026-05-09T03:06:08.077+08:00 DEBUG 77732 --- [hill-commerce-backend] [           main] c.h.m.p.mapper.ProductMapper.updateById  : ==>  Preparing: UPDATE products SET category_id=?, name=?, spu_code=?, subtitle=?, cover_image_url=?, description=?, min_sale_price=?, status=?, deleted=?, created_at=?, updated_at=? WHERE id=?
2026-05-09T03:06:08.077+08:00 DEBUG 77732 --- [hill-commerce-backend] [           main] c.h.m.p.mapper.ProductMapper.updateById  : ==> Parameters: 9(Long), Task4 Cotton Tee Updated(String), TASK4-TEE(String), Updated subtitle(String), https://img.example.com/task4-cover-updated.jpg(String), <p>Updated Task4 description</p>(String), 119.00(BigDecimal), ON_SHELF(String), false(Boolean), 2026-05-08T19:06:07.844(LocalDateTime), 2026-05-08T19:06:07.844(LocalDateTime), 4(Long)
2026-05-09T03:06:08.080+08:00 DEBUG 77732 --- [hill-commerce-backend] [           main] c.h.m.p.mapper.ProductMapper.updateById  : <==    Updates: 1
2026-05-09T03:06:08.080+08:00 DEBUG 77732 --- [hill-commerce-backend] [           main] c.h.m.p.m.P.selectByIds                  : ==>  Preparing: SELECT id,name,sort_order,status,created_at,updated_at FROM product_categories WHERE id IN ( ? )
2026-05-09T03:06:08.081+08:00 DEBUG 77732 --- [hill-commerce-backend] [           main] c.h.m.p.m.P.selectByIds                  : ==> Parameters: 9(Long)
2026-05-09T03:06:08.082+08:00 DEBUG 77732 --- [hill-commerce-backend] [           main] c.h.m.p.m.P.selectByIds                  : <==      Total: 1
2026-05-09T03:06:08.083+08:00 DEBUG 77732 --- [hill-commerce-backend] [           main] c.h.m.p.m.ProductImageMapper.selectList  : ==>  Preparing: SELECT id,product_id,image_url,sort_order,created_at FROM product_images WHERE (product_id = ?) ORDER BY sort_order ASC,id ASC
2026-05-09T03:06:08.083+08:00 DEBUG 77732 --- [hill-commerce-backend] [           main] c.h.m.p.m.ProductImageMapper.selectList  : ==> Parameters: 4(Long)
2026-05-09T03:06:08.085+08:00 DEBUG 77732 --- [hill-commerce-backend] [           main] c.h.m.p.m.ProductImageMapper.selectList  : <==      Total: 2
2026-05-09T03:06:08.085+08:00 DEBUG 77732 --- [hill-commerce-backend] [           main] c.h.m.p.m.P.selectList                   : ==>  Preparing: SELECT id,product_id,attribute_name,attribute_value,sort_order FROM product_attribute_values WHERE (product_id = ?) ORDER BY sort_order ASC,id ASC
2026-05-09T03:06:08.085+08:00 DEBUG 77732 --- [hill-commerce-backend] [           main] c.h.m.p.m.P.selectList                   : ==> Parameters: 4(Long)
2026-05-09T03:06:08.087+08:00 DEBUG 77732 --- [hill-commerce-backend] [           main] c.h.m.p.m.P.selectList                   : <==      Total: 2
2026-05-09T03:06:08.087+08:00 DEBUG 77732 --- [hill-commerce-backend] [           main] c.h.m.p.m.P.selectList                   : ==>  Preparing: SELECT id,product_id,attribute_name,sort_order FROM product_sales_attributes WHERE (product_id = ?) ORDER BY sort_order ASC,id ASC
2026-05-09T03:06:08.087+08:00 DEBUG 77732 --- [hill-commerce-backend] [           main] c.h.m.p.m.P.selectList                   : ==> Parameters: 4(Long)
2026-05-09T03:06:08.088+08:00 DEBUG 77732 --- [hill-commerce-backend] [           main] c.h.m.p.m.P.selectList                   : <==      Total: 2
2026-05-09T03:06:08.089+08:00 DEBUG 77732 --- [hill-commerce-backend] [           main] c.h.m.p.m.P.selectList                   : ==>  Preparing: SELECT id,product_id,sales_attribute_id,attribute_value,sort_order FROM product_sales_attribute_values WHERE (product_id = ?) ORDER BY sort_order ASC,id ASC
2026-05-09T03:06:08.089+08:00 DEBUG 77732 --- [hill-commerce-backend] [           main] c.h.m.p.m.P.selectList                   : ==> Parameters: 4(Long)
2026-05-09T03:06:08.091+08:00 DEBUG 77732 --- [hill-commerce-backend] [           main] c.h.m.p.m.P.selectList                   : <==      Total: 3
2026-05-09T03:06:08.092+08:00 DEBUG 77732 --- [hill-commerce-backend] [           main] c.h.m.p.m.ProductSkuMapper.selectList    : ==>  Preparing: SELECT id,product_id,sku_code,sales_attr_value_key,sales_attr_value_text,price,stock,low_stock_threshold,status,deleted,deleted_at,created_at,updated_at FROM product_skus WHERE (product_id = ? AND deleted = ?) ORDER BY id ASC
2026-05-09T03:06:08.093+08:00 DEBUG 77732 --- [hill-commerce-backend] [           main] c.h.m.p.m.ProductSkuMapper.selectList    : ==> Parameters: 4(Long), false(Boolean)
2026-05-09T03:06:08.094+08:00 DEBUG 77732 --- [hill-commerce-backend] [           main] c.h.m.p.m.ProductSkuMapper.selectList    : <==      Total: 2
2026-05-09T03:06:08.106+08:00 DEBUG 77732 --- [hill-commerce-backend] [           main] c.h.m.p.mapper.ProductMapper.selectById  : ==>  Preparing: SELECT id,category_id,name,spu_code,subtitle,cover_image_url,description,min_sale_price,status,deleted,deleted_at,created_at,updated_at FROM products WHERE id=?
2026-05-09T03:06:08.106+08:00 DEBUG 77732 --- [hill-commerce-backend] [           main] c.h.m.p.mapper.ProductMapper.selectById  : ==> Parameters: 4(Long)
2026-05-09T03:06:08.108+08:00 DEBUG 77732 --- [hill-commerce-backend] [           main] c.h.m.p.mapper.ProductMapper.selectById  : <==      Total: 1
2026-05-09T03:06:08.111+08:00 DEBUG 77732 --- [hill-commerce-backend] [           main] c.h.m.p.mapper.ProductMapper.update      : ==>  Preparing: UPDATE products SET deleted=?,deleted_at=?,status=? WHERE (id = ?)
2026-05-09T03:06:08.112+08:00 DEBUG 77732 --- [hill-commerce-backend] [           main] c.h.m.p.mapper.ProductMapper.update      : ==> Parameters: true(Boolean), 2026-05-09T03:06:08.110311900(LocalDateTime), OFF_SHELF(String), 4(Long)
2026-05-09T03:06:08.115+08:00 DEBUG 77732 --- [hill-commerce-backend] [           main] c.h.m.p.mapper.ProductMapper.update      : <==    Updates: 1
]]></system-out>
  </testcase>
  <testcase name="salesCanManageCategories" classname="com.hillcommerce.product.ProductAdminIntegrationTest" time="0.301">
    <system-out><![CDATA[2026-05-09T03:06:08.130+08:00  INFO 77732 --- [hill-commerce-backend] [           main] o.s.b.t.m.w.SpringBootMockServletContext : Initializing Spring TestDispatcherServlet ''
2026-05-09T03:06:08.132+08:00  INFO 77732 --- [hill-commerce-backend] [           main] o.s.t.web.servlet.TestDispatcherServlet  : Initializing Servlet ''
2026-05-09T03:06:08.133+08:00  INFO 77732 --- [hill-commerce-backend] [           main] o.s.t.web.servlet.TestDispatcherServlet  : Completed initialization in 1 ms
2026-05-09T03:06:08.274+08:00 DEBUG 77732 --- [hill-commerce-backend] [           main] c.h.m.user.mapper.UserMapper.selectList  : ==>  Preparing: SELECT id,email,password_hash,nickname,status,last_login_at,created_at,updated_at FROM users WHERE (email = ?)
2026-05-09T03:06:08.274+08:00 DEBUG 77732 --- [hill-commerce-backend] [           main] c.h.m.user.mapper.UserMapper.selectList  : ==> Parameters: task4-sales@example.com(String)
2026-05-09T03:06:08.276+08:00 DEBUG 77732 --- [hill-commerce-backend] [           main] c.h.m.user.mapper.UserMapper.selectList  : <==      Total: 1
2026-05-09T03:06:08.277+08:00 DEBUG 77732 --- [hill-commerce-backend] [           main] c.h.m.u.m.U.findRoleCodesByUserId        : ==>  Preparing: select r.code from roles r join user_roles ur on ur.role_id = r.id where ur.user_id = ? order by r.id
2026-05-09T03:06:08.277+08:00 DEBUG 77732 --- [hill-commerce-backend] [           main] c.h.m.u.m.U.findRoleCodesByUserId        : ==> Parameters: 43(Long)
2026-05-09T03:06:08.278+08:00 DEBUG 77732 --- [hill-commerce-backend] [           main] c.h.m.u.m.U.findRoleCodesByUserId        : <==      Total: 1
2026-05-09T03:06:08.366+08:00  INFO 77732 --- [hill-commerce-backend] [           main] c.h.modules.user.web.AuthController      : Login succeeded: email=task4-sales@example.com, userId=43, roles=[SALES], remoteAddr=127.0.0.1
2026-05-09T03:06:08.371+08:00 DEBUG 77732 --- [hill-commerce-backend] [           main] c.h.m.p.m.P.selectCount                  : ==>  Preparing: SELECT COUNT( * ) AS total FROM product_categories WHERE (name = ?)
2026-05-09T03:06:08.371+08:00 DEBUG 77732 --- [hill-commerce-backend] [           main] c.h.m.p.m.P.selectCount                  : ==> Parameters: Task4-Shirts(String)
2026-05-09T03:06:08.373+08:00 DEBUG 77732 --- [hill-commerce-backend] [           main] c.h.m.p.m.P.selectCount                  : <==      Total: 1
2026-05-09T03:06:08.373+08:00 DEBUG 77732 --- [hill-commerce-backend] [           main] c.h.m.p.m.ProductCategoryMapper.insert   : ==>  Preparing: INSERT INTO product_categories ( name, sort_order, status ) VALUES ( ?, ?, ? )
2026-05-09T03:06:08.373+08:00 DEBUG 77732 --- [hill-commerce-backend] [           main] c.h.m.p.m.ProductCategoryMapper.insert   : ==> Parameters: Task4-Shirts(String), 10(Integer), ENABLED(String)
2026-05-09T03:06:08.375+08:00 DEBUG 77732 --- [hill-commerce-backend] [           main] c.h.m.p.m.ProductCategoryMapper.insert   : <==    Updates: 1
2026-05-09T03:06:08.385+08:00 DEBUG 77732 --- [hill-commerce-backend] [           main] c.h.m.p.m.P.selectList                   : ==>  Preparing: SELECT id,name,sort_order,status,created_at,updated_at FROM product_categories ORDER BY sort_order ASC,id ASC
2026-05-09T03:06:08.385+08:00 DEBUG 77732 --- [hill-commerce-backend] [           main] c.h.m.p.m.P.selectList                   : ==> Parameters: 
2026-05-09T03:06:08.387+08:00 DEBUG 77732 --- [hill-commerce-backend] [           main] c.h.m.p.m.P.selectList                   : <==      Total: 1
2026-05-09T03:06:08.394+08:00 DEBUG 77732 --- [hill-commerce-backend] [           main] c.h.m.p.m.P.selectById                   : ==>  Preparing: SELECT id,name,sort_order,status,created_at,updated_at FROM product_categories WHERE id=?
2026-05-09T03:06:08.394+08:00 DEBUG 77732 --- [hill-commerce-backend] [           main] c.h.m.p.m.P.selectById                   : ==> Parameters: 10(Long)
2026-05-09T03:06:08.396+08:00 DEBUG 77732 --- [hill-commerce-backend] [           main] c.h.m.p.m.P.selectById                   : <==      Total: 1
2026-05-09T03:06:08.396+08:00 DEBUG 77732 --- [hill-commerce-backend] [           main] c.h.m.p.m.P.selectCount                  : ==>  Preparing: SELECT COUNT( * ) AS total FROM product_categories WHERE (name = ? AND id <> ?)
2026-05-09T03:06:08.397+08:00 DEBUG 77732 --- [hill-commerce-backend] [           main] c.h.m.p.m.P.selectCount                  : ==> Parameters: Task4-Shirts-Updated(String), 10(Long)
2026-05-09T03:06:08.398+08:00 DEBUG 77732 --- [hill-commerce-backend] [           main] c.h.m.p.m.P.selectCount                  : <==      Total: 1
2026-05-09T03:06:08.399+08:00 DEBUG 77732 --- [hill-commerce-backend] [           main] c.h.m.p.m.P.updateById                   : ==>  Preparing: UPDATE product_categories SET name=?, sort_order=?, status=?, created_at=?, updated_at=? WHERE id=?
2026-05-09T03:06:08.400+08:00 DEBUG 77732 --- [hill-commerce-backend] [           main] c.h.m.p.m.P.updateById                   : ==> Parameters: Task4-Shirts-Updated(String), 20(Integer), DISABLED(String), 2026-05-08T19:06:08.375(LocalDateTime), 2026-05-08T19:06:08.375(LocalDateTime), 10(Long)
2026-05-09T03:06:08.402+08:00 DEBUG 77732 --- [hill-commerce-backend] [           main] c.h.m.p.m.P.updateById                   : <==    Updates: 1
2026-05-09T03:06:08.411+08:00 DEBUG 77732 --- [hill-commerce-backend] [           main] c.h.m.p.m.P.selectById                   : ==>  Preparing: SELECT id,name,sort_order,status,created_at,updated_at FROM product_categories WHERE id=?
2026-05-09T03:06:08.412+08:00 DEBUG 77732 --- [hill-commerce-backend] [           main] c.h.m.p.m.P.selectById                   : ==> Parameters: 10(Long)
2026-05-09T03:06:08.413+08:00 DEBUG 77732 --- [hill-commerce-backend] [           main] c.h.m.p.m.P.selectById                   : <==      Total: 1
2026-05-09T03:06:08.415+08:00 DEBUG 77732 --- [hill-commerce-backend] [           main] c.h.m.p.m.ProductMapper.selectCount      : ==>  Preparing: SELECT COUNT( * ) AS total FROM products WHERE (category_id = ? AND deleted = ?)
2026-05-09T03:06:08.415+08:00 DEBUG 77732 --- [hill-commerce-backend] [           main] c.h.m.p.m.ProductMapper.selectCount      : ==> Parameters: 10(Long), false(Boolean)
2026-05-09T03:06:08.417+08:00 DEBUG 77732 --- [hill-commerce-backend] [           main] c.h.m.p.m.ProductMapper.selectCount      : <==      Total: 1
2026-05-09T03:06:08.419+08:00 DEBUG 77732 --- [hill-commerce-backend] [           main] c.h.m.p.m.P.deleteById                   : ==>  Preparing: DELETE FROM product_categories WHERE id=?
2026-05-09T03:06:08.419+08:00 DEBUG 77732 --- [hill-commerce-backend] [           main] c.h.m.p.m.P.deleteById                   : ==> Parameters: 10(Long)
2026-05-09T03:06:08.421+08:00 DEBUG 77732 --- [hill-commerce-backend] [           main] c.h.m.p.m.P.deleteById                   : <==    Updates: 1
]]></system-out>
  </testcase>
  <testcase name="customerCannotManageCategories" classname="com.hillcommerce.product.ProductAdminIntegrationTest" time="0.241">
    <system-out><![CDATA[2026-05-09T03:06:08.433+08:00  INFO 77732 --- [hill-commerce-backend] [           main] o.s.b.t.m.w.SpringBootMockServletContext : Initializing Spring TestDispatcherServlet ''
2026-05-09T03:06:08.433+08:00  INFO 77732 --- [hill-commerce-backend] [           main] o.s.t.web.servlet.TestDispatcherServlet  : Initializing Servlet ''
2026-05-09T03:06:08.434+08:00  INFO 77732 --- [hill-commerce-backend] [           main] o.s.t.web.servlet.TestDispatcherServlet  : Completed initialization in 1 ms
2026-05-09T03:06:08.551+08:00 DEBUG 77732 --- [hill-commerce-backend] [           main] c.h.m.user.mapper.UserMapper.insert      : ==>  Preparing: INSERT INTO users ( email, password_hash, nickname, status ) VALUES ( ?, ?, ?, ? )
2026-05-09T03:06:08.551+08:00 DEBUG 77732 --- [hill-commerce-backend] [           main] c.h.m.user.mapper.UserMapper.insert      : ==> Parameters: task4-customer@example.com(String), $2a$10$txdGFRfYdl8g857jGxJ9ueiTlhMU2x02BkoW9w6FNwbyuCWVUMVS6(String), task4-customer(String), ACTIVE(String)
2026-05-09T03:06:08.554+08:00 DEBUG 77732 --- [hill-commerce-backend] [           main] c.h.m.user.mapper.UserMapper.insert      : <==    Updates: 1
2026-05-09T03:06:08.555+08:00 DEBUG 77732 --- [hill-commerce-backend] [           main] c.h.m.user.mapper.RoleMapper.selectList  : ==>  Preparing: SELECT id,code,name,created_at FROM roles WHERE (code = ?)
2026-05-09T03:06:08.556+08:00 DEBUG 77732 --- [hill-commerce-backend] [           main] c.h.m.user.mapper.RoleMapper.selectList  : ==> Parameters: CUSTOMER(String)
2026-05-09T03:06:08.557+08:00 DEBUG 77732 --- [hill-commerce-backend] [           main] c.h.m.user.mapper.RoleMapper.selectList  : <==      Total: 1
2026-05-09T03:06:08.558+08:00 DEBUG 77732 --- [hill-commerce-backend] [           main] c.h.m.user.mapper.UserRoleMapper.insert  : ==>  Preparing: INSERT INTO user_roles ( user_id, role_id ) VALUES ( ?, ? )
2026-05-09T03:06:08.558+08:00 DEBUG 77732 --- [hill-commerce-backend] [           main] c.h.m.user.mapper.UserRoleMapper.insert  : ==> Parameters: 44(Long), 1(Long)
2026-05-09T03:06:08.560+08:00 DEBUG 77732 --- [hill-commerce-backend] [           main] c.h.m.user.mapper.UserRoleMapper.insert  : <==    Updates: 1
2026-05-09T03:06:08.561+08:00 DEBUG 77732 --- [hill-commerce-backend] [           main] c.h.m.user.mapper.UserMapper.selectList  : ==>  Preparing: SELECT id,email,password_hash,nickname,status,last_login_at,created_at,updated_at FROM users WHERE (email = ?)
2026-05-09T03:06:08.562+08:00 DEBUG 77732 --- [hill-commerce-backend] [           main] c.h.m.user.mapper.UserMapper.selectList  : ==> Parameters: task4-customer@example.com(String)
2026-05-09T03:06:08.563+08:00 DEBUG 77732 --- [hill-commerce-backend] [           main] c.h.m.user.mapper.UserMapper.selectList  : <==      Total: 1
2026-05-09T03:06:08.563+08:00 DEBUG 77732 --- [hill-commerce-backend] [           main] c.h.m.u.m.U.findRoleCodesByUserId        : ==>  Preparing: select r.code from roles r join user_roles ur on ur.role_id = r.id where ur.user_id = ? order by r.id
2026-05-09T03:06:08.563+08:00 DEBUG 77732 --- [hill-commerce-backend] [           main] c.h.m.u.m.U.findRoleCodesByUserId        : ==> Parameters: 44(Long)
2026-05-09T03:06:08.565+08:00 DEBUG 77732 --- [hill-commerce-backend] [           main] c.h.m.u.m.U.findRoleCodesByUserId        : <==      Total: 1
2026-05-09T03:06:08.573+08:00 DEBUG 77732 --- [hill-commerce-backend] [           main] c.h.m.user.mapper.UserMapper.selectList  : ==>  Preparing: SELECT id,email,password_hash,nickname,status,last_login_at,created_at,updated_at FROM users WHERE (email = ?)
2026-05-09T03:06:08.573+08:00 DEBUG 77732 --- [hill-commerce-backend] [           main] c.h.m.user.mapper.UserMapper.selectList  : ==> Parameters: task4-customer@example.com(String)
2026-05-09T03:06:08.575+08:00 DEBUG 77732 --- [hill-commerce-backend] [           main] c.h.m.user.mapper.UserMapper.selectList  : <==      Total: 1
2026-05-09T03:06:08.575+08:00 DEBUG 77732 --- [hill-commerce-backend] [           main] c.h.m.u.m.U.findRoleCodesByUserId        : ==>  Preparing: select r.code from roles r join user_roles ur on ur.role_id = r.id where ur.user_id = ? order by r.id
2026-05-09T03:06:08.575+08:00 DEBUG 77732 --- [hill-commerce-backend] [           main] c.h.m.u.m.U.findRoleCodesByUserId        : ==> Parameters: 44(Long)
2026-05-09T03:06:08.577+08:00 DEBUG 77732 --- [hill-commerce-backend] [           main] c.h.m.u.m.U.findRoleCodesByUserId        : <==      Total: 1
2026-05-09T03:06:08.666+08:00  INFO 77732 --- [hill-commerce-backend] [           main] c.h.modules.user.web.AuthController      : Login succeeded: email=task4-customer@example.com, userId=44, roles=[CUSTOMER], remoteAddr=127.0.0.1
]]></system-out>
  </testcase>
</testsuite>